<?xml version="1.0" encoding="UTF-8"?>
<testsuite xmlns:xsi="http://www.w3.org/2001/XMLSchema-instance" xsi:noNamespaceSchemaLocation="https://maven.apache.org/surefire/maven-surefire-plugin/xsd/surefire-test-report-3.0.xsd" version="3.0" name="cn.iocoder.yudao.framework.sms.core.client.impl.yunpian.YunpianSmsClientTest" time="0.221" tests="7" errors="0" skipped="0" failures="0">
  <properties>
    <property name="sun.desktop" value="windows"/>
    <property name="awt.toolkit" value="sun.awt.windows.WToolkit"/>
    <property name="file.encoding.pkg" value="sun.io"/>
    <property name="java.specification.version" value="1.8"/>
    <property name="sun.cpu.isalist" value="amd64"/>
    <property name="sun.jnu.encoding" value="GBK"/>
    <property name="java.class.path" value="C:\lbh\project\school\backend\yudao-framework\yudao-spring-boot-starter-biz-sms\target\test-classes;C:\lbh\project\school\backend\yudao-framework\yudao-spring-boot-starter-biz-sms\target\classes;C:\lbh\project\school\backend\yudao-framework\yudao-common\target\yudao-common-1.6.2-snapshot.jar;C:\Users\lbh\.m2\repository\org\apache\skywalking\apm-toolkit-trace\8.7.0\apm-toolkit-trace-8.7.0.jar;C:\Users\lbh\.m2\repository\org\projectlombok\lombok\1.18.20\lombok-1.18.20.jar;C:\Users\lbh\.m2\repository\org\mapstruct\mapstruct\1.4.1.Final\mapstruct-1.4.1.Final.jar;C:\Users\lbh\.m2\repository\org\mapstruct\mapstruct-jdk8\1.4.1.Final\mapstruct-jdk8-1.4.1.Final.jar;C:\Users\lbh\.m2\repository\org\mapstruct\mapstruct-processor\1.4.1.Final\mapstruct-processor-1.4.1.Final.jar;C:\Users\lbh\.m2\repository\cn\hutool\hutool-all\5.6.1\hutool-all-5.6.1.jar;C:\Users\lbh\.m2\repository\com\alibaba\transmittable-thread-local\2.12.2\transmittable-thread-local-2.12.2.jar;C:\Users\lbh\.m2\repository\org\springframework\boot\spring-boot-starter\2.5.12\spring-boot-starter-2.5.12.jar;C:\Users\lbh\.m2\repository\org\springframework\boot\spring-boot\2.5.12\spring-boot-2.5.12.jar;C:\Users\lbh\.m2\repository\org\springframework\spring-context\5.3.18\spring-context-5.3.18.jar;C:\Users\lbh\.m2\repository\org\springframework\spring-aop\5.3.18\spring-aop-5.3.18.jar;C:\Users\lbh\.m2\repository\org\springframework\spring-beans\5.3.18\spring-beans-5.3.18.jar;C:\Users\lbh\.m2\repository\org\springframework\spring-expression\5.3.18\spring-expression-5.3.18.jar;C:\Users\lbh\.m2\repository\org\springframework\boot\spring-boot-autoconfigure\2.5.12\spring-boot-autoconfigure-2.5.12.jar;C:\Users\lbh\.m2\repository\org\springframework\boot\spring-boot-starter-logging\2.5.12\spring-boot-starter-logging-2.5.12.jar;C:\Users\lbh\.m2\repository\ch\qos\logback\logback-classic\1.2.11\logback-classic-1.2.11.jar;C:\Users\lbh\.m2\repository\ch\qos\logback\logback-core\1.2.11\logback-core-1.2.11.jar;C:\Users\lbh\.m2\repository\org\apache\logging\log4j\log4j-to-slf4j\2.17.2\log4j-to-slf4j-2.17.2.jar;C:\Users\lbh\.m2\repository\org\apache\logging\log4j\log4j-api\2.17.2\log4j-api-2.17.2.jar;C:\Users\lbh\.m2\repository\org\slf4j\jul-to-slf4j\1.7.36\jul-to-slf4j-1.7.36.jar;C:\Users\lbh\.m2\repository\jakarta\annotation\jakarta.annotation-api\1.3.5\jakarta.annotation-api-1.3.5.jar;C:\Users\lbh\.m2\repository\org\springframework\spring-core\5.3.18\spring-core-5.3.18.jar;C:\Users\lbh\.m2\repository\org\springframework\spring-jcl\5.3.18\spring-jcl-5.3.18.jar;C:\Users\lbh\.m2\repository\org\yaml\snakeyaml\1.28\snakeyaml-1.28.jar;C:\Users\lbh\.m2\repository\io\opentracing\opentracing-util\0.31.0\opentracing-util-0.31.0.jar;C:\Users\lbh\.m2\repository\io\opentracing\opentracing-api\0.31.0\opentracing-api-0.31.0.jar;C:\Users\lbh\.m2\repository\io\opentracing\opentracing-noop\0.31.0\opentracing-noop-0.31.0.jar;C:\lbh\project\school\backend\yudao-framework\yudao-spring-boot-starter-test\target\yudao-spring-boot-starter-test-1.6.2-snapshot.jar;C:\lbh\project\school\backend\yudao-framework\yudao-spring-boot-starter-mybatis\target\yudao-spring-boot-starter-mybatis-1.6.2-snapshot.jar;C:\Users\lbh\.m2\repository\mysql\mysql-connector-java\5.1.46\mysql-connector-java-5.1.46.jar;C:\Users\lbh\.m2\repository\com\oracle\database\jdbc\ojdbc8\21.1.0.0\ojdbc8-21.1.0.0.jar;C:\Users\lbh\.m2\repository\org\postgresql\postgresql\42.2.25\postgresql-42.2.25.jar;C:\Users\lbh\.m2\repository\com\microsoft\sqlserver\mssql-jdbc\9.2.1.jre8\mssql-jdbc-9.2.1.jre8.jar;C:\Users\lbh\.m2\repository\com\alibaba\druid-spring-boot-starter\1.2.8\druid-spring-boot-starter-1.2.8.jar;C:\Users\lbh\.m2\repository\com\alibaba\druid\1.2.8\druid-1.2.8.jar;C:\Users\lbh\.m2\repository\com\baomidou\mybatis-plus-boot-starter\3.4.3.4\mybatis-plus-boot-starter-3.4.3.4.jar;C:\Users\lbh\.m2\repository\com\baomidou\mybatis-plus\3.4.3.4\mybatis-plus-3.4.3.4.jar;C:\Users\lbh\.m2\repository\com\baomidou\mybatis-plus-extension\3.4.3.4\mybatis-plus-extension-3.4.3.4.jar;C:\Users\lbh\.m2\repository\com\baomidou\mybatis-plus-core\3.4.3.4\mybatis-plus-core-3.4.3.4.jar;C:\Users\lbh\.m2\repository\com\baomidou\mybatis-plus-annotation\3.4.3.4\mybatis-plus-annotation-3.4.3.4.jar;C:\Users\lbh\.m2\repository\com\github\jsqlparser\jsqlparser\4.2\jsqlparser-4.2.jar;C:\Users\lbh\.m2\repository\org\mybatis\mybatis\3.5.7\mybatis-3.5.7.jar;C:\Users\lbh\.m2\repository\org\mybatis\mybatis-spring\2.0.6\mybatis-spring-2.0.6.jar;C:\Users\lbh\.m2\repository\org\springframework\boot\spring-boot-starter-jdbc\2.5.12\spring-boot-starter-jdbc-2.5.12.jar;C:\Users\lbh\.m2\repository\com\zaxxer\HikariCP\4.0.3\HikariCP-4.0.3.jar;C:\Users\lbh\.m2\repository\org\springframework\spring-jdbc\5.3.18\spring-jdbc-5.3.18.jar;C:\Users\lbh\.m2\repository\org\springframework\spring-tx\5.3.18\spring-tx-5.3.18.jar;C:\Users\lbh\.m2\repository\com\baomidou\dynamic-datasource-spring-boot-starter\3.5.0\dynamic-datasource-spring-boot-starter-3.5.0.jar;C:\Users\lbh\.m2\repository\org\springframework\boot\spring-boot-starter-aop\2.5.12\spring-boot-starter-aop-2.5.12.jar;C:\Users\lbh\.m2\repository\org\aspectj\aspectjweaver\1.9.7\aspectjweaver-1.9.7.jar;C:\lbh\project\school\backend\yudao-framework\yudao-spring-boot-starter-redis\target\yudao-spring-boot-starter-redis-1.6.2-snapshot.jar;C:\Users\lbh\.m2\repository\org\redisson\redisson-spring-boot-starter\3.17.0\redisson-spring-boot-starter-3.17.0.jar;C:\Users\lbh\.m2\repository\org\springframework\boot\spring-boot-starter-actuator\2.5.12\spring-boot-starter-actuator-2.5.12.jar;C:\Users\lbh\.m2\repository\org\springframework\boot\spring-boot-actuator-autoconfigure\2.5.12\spring-boot-actuator-autoconfigure-2.5.12.jar;C:\Users\lbh\.m2\repository\org\springframework\boot\spring-boot-actuator\2.5.12\spring-boot-actuator-2.5.12.jar;C:\Users\lbh\.m2\repository\com\fasterxml\jackson\datatype\jackson-datatype-jsr310\2.12.6\jackson-datatype-jsr310-2.12.6.jar;C:\Users\lbh\.m2\repository\io\micrometer\micrometer-core\1.7.10\micrometer-core-1.7.10.jar;C:\Users\lbh\.m2\repository\org\hdrhistogram\HdrHistogram\2.1.12\HdrHistogram-2.1.12.jar;C:\Users\lbh\.m2\repository\org\latencyutils\LatencyUtils\2.0.3\LatencyUtils-2.0.3.jar;C:\Users\lbh\.m2\repository\org\springframework\boot\spring-boot-starter-data-redis\2.5.12\spring-boot-starter-data-redis-2.5.12.jar;C:\Users\lbh\.m2\repository\org\springframework\data\spring-data-redis\2.5.10\spring-data-redis-2.5.10.jar;C:\Users\lbh\.m2\repository\org\springframework\data\spring-data-keyvalue\2.5.10\spring-data-keyvalue-2.5.10.jar;C:\Users\lbh\.m2\repository\org\springframework\data\spring-data-commons\2.5.10\spring-data-commons-2.5.10.jar;C:\Users\lbh\.m2\repository\org\springframework\spring-oxm\5.3.18\spring-oxm-5.3.18.jar;C:\Users\lbh\.m2\repository\org\redisson\redisson\3.17.0\redisson-3.17.0.jar;C:\Users\lbh\.m2\repository\io\netty\netty-common\4.1.75.Final\netty-common-4.1.75.Final.jar;C:\Users\lbh\.m2\repository\io\netty\netty-codec\4.1.75.Final\netty-codec-4.1.75.Final.jar;C:\Users\lbh\.m2\repository\io\netty\netty-buffer\4.1.75.Final\netty-buffer-4.1.75.Final.jar;C:\Users\lbh\.m2\repository\io\netty\netty-transport\4.1.75.Final\netty-transport-4.1.75.Final.jar;C:\Users\lbh\.m2\repository\io\netty\netty-resolver\4.1.75.Final\netty-resolver-4.1.75.Final.jar;C:\Users\lbh\.m2\repository\io\netty\netty-resolver-dns\4.1.75.Final\netty-resolver-dns-4.1.75.Final.jar;C:\Users\lbh\.m2\repository\io\netty\netty-codec-dns\4.1.75.Final\netty-codec-dns-4.1.75.Final.jar;C:\Users\lbh\.m2\repository\io\netty\netty-handler\4.1.75.Final\netty-handler-4.1.75.Final.jar;C:\Users\lbh\.m2\repository\javax\cache\cache-api\1.1.1\cache-api-1.1.1.jar;C:\Users\lbh\.m2\repository\io\projectreactor\reactor-core\3.4.16\reactor-core-3.4.16.jar;C:\Users\lbh\.m2\repository\org\reactivestreams\reactive-streams\1.0.3\reactive-streams-1.0.3.jar;C:\Users\lbh\.m2\repository\io\reactivex\rxjava3\rxjava\3.0.12\rxjava-3.0.12.jar;C:\Users\lbh\.m2\repository\org\jboss\marshalling\jboss-marshalling\2.0.11.Final\jboss-marshalling-2.0.11.Final.jar;C:\Users\lbh\.m2\repository\org\jboss\marshalling\jboss-marshalling-river\2.0.11.Final\jboss-marshalling-river-2.0.11.Final.jar;C:\Users\lbh\.m2\repository\com\fasterxml\jackson\dataformat\jackson-dataformat-yaml\2.12.6\jackson-dataformat-yaml-2.12.6.jar;C:\Users\lbh\.m2\repository\org\jodd\jodd-bean\5.1.6\jodd-bean-5.1.6.jar;C:\Users\lbh\.m2\repository\org\jodd\jodd-core\5.1.6\jodd-core-5.1.6.jar;C:\Users\lbh\.m2\repository\org\redisson\redisson-spring-data-26\3.17.0\redisson-spring-data-26-3.17.0.jar;C:\Users\lbh\.m2\repository\org\springframework\boot\spring-boot-starter-cache\2.5.12\spring-boot-starter-cache-2.5.12.jar;C:\Users\lbh\.m2\repository\org\springframework\spring-context-support\5.3.18\spring-context-support-5.3.18.jar;C:\Users\lbh\.m2\repository\org\mockito\mockito-inline\3.9.0\mockito-inline-3.9.0.jar;C:\Users\lbh\.m2\repository\org\mockito\mockito-core\3.9.0\mockito-core-3.9.0.jar;C:\Users\lbh\.m2\repository\net\bytebuddy\byte-buddy\1.10.22\byte-buddy-1.10.22.jar;C:\Users\lbh\.m2\repository\net\bytebuddy\byte-buddy-agent\1.10.22\byte-buddy-agent-1.10.22.jar;C:\Users\lbh\.m2\repository\org\objenesis\objenesis\3.2\objenesis-3.2.jar;C:\Users\lbh\.m2\repository\org\springframework\boot\spring-boot-starter-test\2.5.12\spring-boot-starter-test-2.5.12.jar;C:\Users\lbh\.m2\repository\org\springframework\boot\spring-boot-test\2.5.12\spring-boot-test-2.5.12.jar;C:\Users\lbh\.m2\repository\org\springframework\boot\spring-boot-test-autoconfigure\2.5.12\spring-boot-test-autoconfigure-2.5.12.jar;C:\Users\lbh\.m2\repository\com\jayway\jsonpath\json-path\2.5.0\json-path-2.5.0.jar;C:\Users\lbh\.m2\repository\net\minidev\json-smart\2.4.8\json-smart-2.4.8.jar;C:\Users\lbh\.m2\repository\net\minidev\accessors-smart\2.4.8\accessors-smart-2.4.8.jar;C:\Users\lbh\.m2\repository\jakarta\xml\bind\jakarta.xml.bind-api\2.3.3\jakarta.xml.bind-api-2.3.3.jar;C:\Users\lbh\.m2\repository\jakarta\activation\jakarta.activation-api\1.2.2\jakarta.activation-api-1.2.2.jar;C:\Users\lbh\.m2\repository\org\assertj\assertj-core\3.19.0\assertj-core-3.19.0.jar;C:\Users\lbh\.m2\repository\org\hamcrest\hamcrest\2.2\hamcrest-2.2.jar;C:\Users\lbh\.m2\repository\org\junit\jupiter\junit-jupiter\5.7.2\junit-jupiter-5.7.2.jar;C:\Users\lbh\.m2\repository\org\junit\jupiter\junit-jupiter-api\5.7.2\junit-jupiter-api-5.7.2.jar;C:\Users\lbh\.m2\repository\org\apiguardian\apiguardian-api\1.1.0\apiguardian-api-1.1.0.jar;C:\Users\lbh\.m2\repository\org\opentest4j\opentest4j\1.2.0\opentest4j-1.2.0.jar;C:\Users\lbh\.m2\repository\org\junit\platform\junit-platform-commons\1.7.2\junit-platform-commons-1.7.2.jar;C:\Users\lbh\.m2\repository\org\junit\jupiter\junit-jupiter-params\5.7.2\junit-jupiter-params-5.7.2.jar;C:\Users\lbh\.m2\repository\org\junit\jupiter\junit-jupiter-engine\5.7.2\junit-jupiter-engine-5.7.2.jar;C:\Users\lbh\.m2\repository\org\junit\platform\junit-platform-engine\1.7.2\junit-platform-engine-1.7.2.jar;C:\Users\lbh\.m2\repository\org\mockito\mockito-junit-jupiter\3.9.0\mockito-junit-jupiter-3.9.0.jar;C:\Users\lbh\.m2\repository\org\skyscreamer\jsonassert\1.5.0\jsonassert-1.5.0.jar;C:\Users\lbh\.m2\repository\com\vaadin\external\google\android-json\0.0.20131108.vaadin1\android-json-0.0.20131108.vaadin1.jar;C:\Users\lbh\.m2\repository\org\springframework\spring-test\5.3.18\spring-test-5.3.18.jar;C:\Users\lbh\.m2\repository\org\xmlunit\xmlunit-core\2.8.4\xmlunit-core-2.8.4.jar;C:\Users\lbh\.m2\repository\com\h2database\h2\1.4.200\h2-1.4.200.jar;C:\Users\lbh\.m2\repository\com\github\fppt\jedis-mock\0.1.16\jedis-mock-0.1.16.jar;C:\Users\lbh\.m2\repository\com\google\auto\value\auto-value-annotations\1.6.2\auto-value-annotations-1.6.2.jar;C:\Users\lbh\.m2\repository\uk\co\jemos\podam\podam\7.2.6.RELEASE\podam-7.2.6.RELEASE.jar;C:\Users\lbh\.m2\repository\net\jcip\jcip-annotations\1.0\jcip-annotations-1.0.jar;C:\Users\lbh\.m2\repository\javax\annotation\javax.annotation-api\1.3.2\javax.annotation-api-1.3.2.jar;C:\Users\lbh\.m2\repository\javax\validation\validation-api\2.0.1.Final\validation-api-2.0.1.Final.jar;C:\Users\lbh\.m2\repository\org\apache\commons\commons-lang3\3.12.0\commons-lang3-3.12.0.jar;C:\Users\lbh\.m2\repository\com\google\guava\guava\30.1.1-jre\guava-30.1.1-jre.jar;C:\Users\lbh\.m2\repository\com\google\guava\failureaccess\1.0.1\failureaccess-1.0.1.jar;C:\Users\lbh\.m2\repository\com\google\guava\listenablefuture\9999.0-empty-to-avoid-conflict-with-guava\listenablefuture-9999.0-empty-to-avoid-conflict-with-guava.jar;C:\Users\lbh\.m2\repository\com\google\code\findbugs\jsr305\3.0.2\jsr305-3.0.2.jar;C:\Users\lbh\.m2\repository\org\checkerframework\checker-qual\3.8.0\checker-qual-3.8.0.jar;C:\Users\lbh\.m2\repository\com\google\errorprone\error_prone_annotations\2.5.1\error_prone_annotations-2.5.1.jar;C:\Users\lbh\.m2\repository\com\google\j2objc\j2objc-annotations\1.3\j2objc-annotations-1.3.jar;C:\Users\lbh\.m2\repository\com\fasterxml\jackson\core\jackson-databind\2.12.6.1\jackson-databind-2.12.6.1.jar;C:\Users\lbh\.m2\repository\com\fasterxml\jackson\core\jackson-annotations\2.12.6\jackson-annotations-2.12.6.jar;C:\Users\lbh\.m2\repository\com\fasterxml\jackson\core\jackson-core\2.12.6\jackson-core-2.12.6.jar;C:\Users\lbh\.m2\repository\jakarta\validation\jakarta.validation-api\2.0.2\jakarta.validation-api-2.0.2.jar;C:\Users\lbh\.m2\repository\com\yunpian\sdk\yunpian-java-sdk\1.2.7\yunpian-java-sdk-1.2.7.jar;C:\Users\lbh\.m2\repository\org\slf4j\slf4j-api\1.7.36\slf4j-api-1.7.36.jar;C:\Users\lbh\.m2\repository\com\google\code\gson\gson\2.8.9\gson-2.8.9.jar;C:\Users\lbh\.m2\repository\org\apache\httpcomponents\httpasyncclient\4.1.5\httpasyncclient-4.1.5.jar;C:\Users\lbh\.m2\repository\org\apache\httpcomponents\httpcore-nio\4.4.15\httpcore-nio-4.4.15.jar;C:\Users\lbh\.m2\repository\org\apache\httpcomponents\httpasyncclient-cache\4.1.2\httpasyncclient-cache-4.1.2.jar;C:\Users\lbh\.m2\repository\org\apache\httpcomponents\httpclient-cache\4.5.13\httpclient-cache-4.5.13.jar;C:\Users\lbh\.m2\repository\org\apache\httpcomponents\httpmime\4.5.13\httpmime-4.5.13.jar;C:\Users\lbh\.m2\repository\com\aliyun\aliyun-java-sdk-core\4.5.25\aliyun-java-sdk-core-4.5.25.jar;C:\Users\lbh\.m2\repository\org\apache\httpcomponents\httpclient\4.5.13\httpclient-4.5.13.jar;C:\Users\lbh\.m2\repository\commons-codec\commons-codec\1.15\commons-codec-1.15.jar;C:\Users\lbh\.m2\repository\org\apache\httpcomponents\httpcore\4.4.15\httpcore-4.4.15.jar;C:\Users\lbh\.m2\repository\commons-logging\commons-logging\1.2\commons-logging-1.2.jar;C:\Users\lbh\.m2\repository\javax\xml\bind\jaxb-api\2.3.1\jaxb-api-2.3.1.jar;C:\Users\lbh\.m2\repository\javax\activation\javax.activation-api\1.2.0\javax.activation-api-1.2.0.jar;C:\Users\lbh\.m2\repository\org\jacoco\org.jacoco.agent\0.8.7\org.jacoco.agent-0.8.7-runtime.jar;C:\Users\lbh\.m2\repository\org\ini4j\ini4j\0.5.4\ini4j-0.5.4.jar;C:\Users\lbh\.m2\repository\com\aliyun\aliyun-java-sdk-dysmsapi\2.1.0\aliyun-java-sdk-dysmsapi-2.1.0.jar;C:\Users\lbh\.m2\repository\com\tencentcloudapi\tencentcloud-sdk-java\3.1.471\tencentcloud-sdk-java-3.1.471.jar;C:\Users\lbh\.m2\repository\com\squareup\okio\okio\1.12.0\okio-1.12.0.jar;C:\Users\lbh\.m2\repository\com\squareup\okhttp\okhttp\2.7.5\okhttp-2.7.5.jar;C:\Users\lbh\.m2\repository\com\squareup\okhttp\logging-interceptor\2.7.5\logging-interceptor-2.7.5.jar;"/>
    <property name="java.vm.vendor" value="Oracle Corporation"/>
    <property name="sun.arch.data.model" value="64"/>
    <property name="user.variant" value=""/>
    <property name="java.vendor.url" value="http://java.oracle.com/"/>
    <property name="user.timezone" value="Asia/Shanghai"/>
    <property name="java.vm.specification.version" value="1.8"/>
    <property name="os.name" value="Windows 11"/>
    <property name="user.country" value="CN"/>
    <property name="sun.java.launcher" value="SUN_STANDARD"/>
    <property name="sun.boot.library.path" value="C:\Program Files\Java\jdk1.8.0_331\jre\bin"/>
    <property name="sun.java.command" value="C:\Users\lbh\AppData\Local\Temp\surefire8245789595982235289\surefirebooter4564227359290642007.jar C:\Users\lbh\AppData\Local\Temp\surefire8245789595982235289 2022-07-29T07-47-37_695-jvmRun1 surefire2675567683901892847tmp surefire_28438646779622432571tmp"/>
    <property name="surefire.test.class.path" value="C:\lbh\project\school\backend\yudao-framework\yudao-spring-boot-starter-biz-sms\target\test-classes;C:\lbh\project\school\backend\yudao-framework\yudao-spring-boot-starter-biz-sms\target\classes;C:\lbh\project\school\backend\yudao-framework\yudao-common\target\yudao-common-1.6.2-snapshot.jar;C:\Users\lbh\.m2\repository\org\apache\skywalking\apm-toolkit-trace\8.7.0\apm-toolkit-trace-8.7.0.jar;C:\Users\lbh\.m2\repository\org\projectlombok\lombok\1.18.20\lombok-1.18.20.jar;C:\Users\lbh\.m2\repository\org\mapstruct\mapstruct\1.4.1.Final\mapstruct-1.4.1.Final.jar;C:\Users\lbh\.m2\repository\org\mapstruct\mapstruct-jdk8\1.4.1.Final\mapstruct-jdk8-1.4.1.Final.jar;C:\Users\lbh\.m2\repository\org\mapstruct\mapstruct-processor\1.4.1.Final\mapstruct-processor-1.4.1.Final.jar;C:\Users\lbh\.m2\repository\cn\hutool\hutool-all\5.6.1\hutool-all-5.6.1.jar;C:\Users\lbh\.m2\repository\com\alibaba\transmittable-thread-local\2.12.2\transmittable-thread-local-2.12.2.jar;C:\Users\lbh\.m2\repository\org\springframework\boot\spring-boot-starter\2.5.12\spring-boot-starter-2.5.12.jar;C:\Users\lbh\.m2\repository\org\springframework\boot\spring-boot\2.5.12\spring-boot-2.5.12.jar;C:\Users\lbh\.m2\repository\org\springframework\spring-context\5.3.18\spring-context-5.3.18.jar;C:\Users\lbh\.m2\repository\org\springframework\spring-aop\5.3.18\spring-aop-5.3.18.jar;C:\Users\lbh\.m2\repository\org\springframework\spring-beans\5.3.18\spring-beans-5.3.18.jar;C:\Users\lbh\.m2\repository\org\springframework\spring-expression\5.3.18\spring-expression-5.3.18.jar;C:\Users\lbh\.m2\repository\org\springframework\boot\spring-boot-autoconfigure\2.5.12\spring-boot-autoconfigure-2.5.12.jar;C:\Users\lbh\.m2\repository\org\springframework\boot\spring-boot-starter-logging\2.5.12\spring-boot-starter-logging-2.5.12.jar;C:\Users\lbh\.m2\repository\ch\qos\logback\logback-classic\1.2.11\logback-classic-1.2.11.jar;C:\Users\lbh\.m2\repository\ch\qos\logback\logback-core\1.2.11\logback-core-1.2.11.jar;C:\Users\lbh\.m2\repository\org\apache\logging\log4j\log4j-to-slf4j\2.17.2\log4j-to-slf4j-2.17.2.jar;C:\Users\lbh\.m2\repository\org\apache\logging\log4j\log4j-api\2.17.2\log4j-api-2.17.2.jar;C:\Users\lbh\.m2\repository\org\slf4j\jul-to-slf4j\1.7.36\jul-to-slf4j-1.7.36.jar;C:\Users\lbh\.m2\repository\jakarta\annotation\jakarta.annotation-api\1.3.5\jakarta.annotation-api-1.3.5.jar;C:\Users\lbh\.m2\repository\org\springframework\spring-core\5.3.18\spring-core-5.3.18.jar;C:\Users\lbh\.m2\repository\org\springframework\spring-jcl\5.3.18\spring-jcl-5.3.18.jar;C:\Users\lbh\.m2\repository\org\yaml\snakeyaml\1.28\snakeyaml-1.28.jar;C:\Users\lbh\.m2\repository\io\opentracing\opentracing-util\0.31.0\opentracing-util-0.31.0.jar;C:\Users\lbh\.m2\repository\io\opentracing\opentracing-api\0.31.0\opentracing-api-0.31.0.jar;C:\Users\lbh\.m2\repository\io\opentracing\opentracing-noop\0.31.0\opentracing-noop-0.31.0.jar;C:\lbh\project\school\backend\yudao-framework\yudao-spring-boot-starter-test\target\yudao-spring-boot-starter-test-1.6.2-snapshot.jar;C:\lbh\project\school\backend\yudao-framework\yudao-spring-boot-starter-mybatis\target\yudao-spring-boot-starter-mybatis-1.6.2-snapshot.jar;C:\Users\lbh\.m2\repository\mysql\mysql-connector-java\5.1.46\mysql-connector-java-5.1.46.jar;C:\Users\lbh\.m2\repository\com\oracle\database\jdbc\ojdbc8\21.1.0.0\ojdbc8-21.1.0.0.jar;C:\Users\lbh\.m2\repository\org\postgresql\postgresql\42.2.25\postgresql-42.2.25.jar;C:\Users\lbh\.m2\repository\com\microsoft\sqlserver\mssql-jdbc\9.2.1.jre8\mssql-jdbc-9.2.1.jre8.jar;C:\Users\lbh\.m2\repository\com\alibaba\druid-spring-boot-starter\1.2.8\druid-spring-boot-starter-1.2.8.jar;C:\Users\lbh\.m2\repository\com\alibaba\druid\1.2.8\druid-1.2.8.jar;C:\Users\lbh\.m2\repository\com\baomidou\mybatis-plus-boot-starter\3.4.3.4\mybatis-plus-boot-starter-3.4.3.4.jar;C:\Users\lbh\.m2\repository\com\baomidou\mybatis-plus\3.4.3.4\mybatis-plus-3.4.3.4.jar;C:\Users\lbh\.m2\repository\com\baomidou\mybatis-plus-extension\3.4.3.4\mybatis-plus-extension-3.4.3.4.jar;C:\Users\lbh\.m2\repository\com\baomidou\mybatis-plus-core\3.4.3.4\mybatis-plus-core-3.4.3.4.jar;C:\Users\lbh\.m2\repository\com\baomidou\mybatis-plus-annotation\3.4.3.4\mybatis-plus-annotation-3.4.3.4.jar;C:\Users\lbh\.m2\repository\com\github\jsqlparser\jsqlparser\4.2\jsqlparser-4.2.jar;C:\Users\lbh\.m2\repository\org\mybatis\mybatis\3.5.7\mybatis-3.5.7.jar;C:\Users\lbh\.m2\repository\org\mybatis\mybatis-spring\2.0.6\mybatis-spring-2.0.6.jar;C:\Users\lbh\.m2\repository\org\springframework\boot\spring-boot-starter-jdbc\2.5.12\spring-boot-starter-jdbc-2.5.12.jar;C:\Users\lbh\.m2\repository\com\zaxxer\HikariCP\4.0.3\HikariCP-4.0.3.jar;C:\Users\lbh\.m2\repository\org\springframework\spring-jdbc\5.3.18\spring-jdbc-5.3.18.jar;C:\Users\lbh\.m2\repository\org\springframework\spring-tx\5.3.18\spring-tx-5.3.18.jar;C:\Users\lbh\.m2\repository\com\baomidou\dynamic-datasource-spring-boot-starter\3.5.0\dynamic-datasource-spring-boot-starter-3.5.0.jar;C:\Users\lbh\.m2\repository\org\springframework\boot\spring-boot-starter-aop\2.5.12\spring-boot-starter-aop-2.5.12.jar;C:\Users\lbh\.m2\repository\org\aspectj\aspectjweaver\1.9.7\aspectjweaver-1.9.7.jar;C:\lbh\project\school\backend\yudao-framework\yudao-spring-boot-starter-redis\target\yudao-spring-boot-starter-redis-1.6.2-snapshot.jar;C:\Users\lbh\.m2\repository\org\redisson\redisson-spring-boot-starter\3.17.0\redisson-spring-boot-starter-3.17.0.jar;C:\Users\lbh\.m2\repository\org\springframework\boot\spring-boot-starter-actuator\2.5.12\spring-boot-starter-actuator-2.5.12.jar;C:\Users\lbh\.m2\repository\org\springframework\boot\spring-boot-actuator-autoconfigure\2.5.12\spring-boot-actuator-autoconfigure-2.5.12.jar;C:\Users\lbh\.m2\repository\org\springframework\boot\spring-boot-actuator\2.5.12\spring-boot-actuator-2.5.12.jar;C:\Users\lbh\.m2\repository\com\fasterxml\jackson\datatype\jackson-datatype-jsr310\2.12.6\jackson-datatype-jsr310-2.12.6.jar;C:\Users\lbh\.m2\repository\io\micrometer\micrometer-core\1.7.10\micrometer-core-1.7.10.jar;C:\Users\lbh\.m2\repository\org\hdrhistogram\HdrHistogram\2.1.12\HdrHistogram-2.1.12.jar;C:\Users\lbh\.m2\repository\org\latencyutils\LatencyUtils\2.0.3\LatencyUtils-2.0.3.jar;C:\Users\lbh\.m2\repository\org\springframework\boot\spring-boot-starter-data-redis\2.5.12\spring-boot-starter-data-redis-2.5.12.jar;C:\Users\lbh\.m2\repository\org\springframework\data\spring-data-redis\2.5.10\spring-data-redis-2.5.10.jar;C:\Users\lbh\.m2\repository\org\springframework\data\spring-data-keyvalue\2.5.10\spring-data-keyvalue-2.5.10.jar;C:\Users\lbh\.m2\repository\org\springframework\data\spring-data-commons\2.5.10\spring-data-commons-2.5.10.jar;C:\Users\lbh\.m2\repository\org\springframework\spring-oxm\5.3.18\spring-oxm-5.3.18.jar;C:\Users\lbh\.m2\repository\org\redisson\redisson\3.17.0\redisson-3.17.0.jar;C:\Users\lbh\.m2\repository\io\netty\netty-common\4.1.75.Final\netty-common-4.1.75.Final.jar;C:\Users\lbh\.m2\repository\io\netty\netty-codec\4.1.75.Final\netty-codec-4.1.75.Final.jar;C:\Users\lbh\.m2\repository\io\netty\netty-buffer\4.1.75.Final\netty-buffer-4.1.75.Final.jar;C:\Users\lbh\.m2\repository\io\netty\netty-transport\4.1.75.Final\netty-transport-4.1.75.Final.jar;C:\Users\lbh\.m2\repository\io\netty\netty-resolver\4.1.75.Final\netty-resolver-4.1.75.Final.jar;C:\Users\lbh\.m2\repository\io\netty\netty-resolver-dns\4.1.75.Final\netty-resolver-dns-4.1.75.Final.jar;C:\Users\lbh\.m2\repository\io\netty\netty-codec-dns\4.1.75.Final\netty-codec-dns-4.1.75.Final.jar;C:\Users\lbh\.m2\repository\io\netty\netty-handler\4.1.75.Final\netty-handler-4.1.75.Final.jar;C:\Users\lbh\.m2\repository\javax\cache\cache-api\1.1.1\cache-api-1.1.1.jar;C:\Users\lbh\.m2\repository\io\projectreactor\reactor-core\3.4.16\reactor-core-3.4.16.jar;C:\Users\lbh\.m2\repository\org\reactivestreams\reactive-streams\1.0.3\reactive-streams-1.0.3.jar;C:\Users\lbh\.m2\repository\io\reactivex\rxjava3\rxjava\3.0.12\rxjava-3.0.12.jar;C:\Users\lbh\.m2\repository\org\jboss\marshalling\jboss-marshalling\2.0.11.Final\jboss-marshalling-2.0.11.Final.jar;C:\Users\lbh\.m2\repository\org\jboss\marshalling\jboss-marshalling-river\2.0.11.Final\jboss-marshalling-river-2.0.11.Final.jar;C:\Users\lbh\.m2\repository\com\fasterxml\jackson\dataformat\jackson-dataformat-yaml\2.12.6\jackson-dataformat-yaml-2.12.6.jar;C:\Users\lbh\.m2\repository\org\jodd\jodd-bean\5.1.6\jodd-bean-5.1.6.jar;C:\Users\lbh\.m2\repository\org\jodd\jodd-core\5.1.6\jodd-core-5.1.6.jar;C:\Users\lbh\.m2\repository\org\redisson\redisson-spring-data-26\3.17.0\redisson-spring-data-26-3.17.0.jar;C:\Users\lbh\.m2\repository\org\springframework\boot\spring-boot-starter-cache\2.5.12\spring-boot-starter-cache-2.5.12.jar;C:\Users\lbh\.m2\repository\org\springframework\spring-context-support\5.3.18\spring-context-support-5.3.18.jar;C:\Users\lbh\.m2\repository\org\mockito\mockito-inline\3.9.0\mockito-inline-3.9.0.jar;C:\Users\lbh\.m2\repository\org\mockito\mockito-core\3.9.0\mockito-core-3.9.0.jar;C:\Users\lbh\.m2\repository\net\bytebuddy\byte-buddy\1.10.22\byte-buddy-1.10.22.jar;C:\Users\lbh\.m2\repository\net\bytebuddy\byte-buddy-agent\1.10.22\byte-buddy-agent-1.10.22.jar;C:\Users\lbh\.m2\repository\org\objenesis\objenesis\3.2\objenesis-3.2.jar;C:\Users\lbh\.m2\repository\org\springframework\boot\spring-boot-starter-test\2.5.12\spring-boot-starter-test-2.5.12.jar;C:\Users\lbh\.m2\repository\org\springframework\boot\spring-boot-test\2.5.12\spring-boot-test-2.5.12.jar;C:\Users\lbh\.m2\repository\org\springframework\boot\spring-boot-test-autoconfigure\2.5.12\spring-boot-test-autoconfigure-2.5.12.jar;C:\Users\lbh\.m2\repository\com\jayway\jsonpath\json-path\2.5.0\json-path-2.5.0.jar;C:\Users\lbh\.m2\repository\net\minidev\json-smart\2.4.8\json-smart-2.4.8.jar;C:\Users\lbh\.m2\repository\net\minidev\accessors-smart\2.4.8\accessors-smart-2.4.8.jar;C:\Users\lbh\.m2\repository\jakarta\xml\bind\jakarta.xml.bind-api\2.3.3\jakarta.xml.bind-api-2.3.3.jar;C:\Users\lbh\.m2\repository\jakarta\activation\jakarta.activation-api\1.2.2\jakarta.activation-api-1.2.2.jar;C:\Users\lbh\.m2\repository\org\assertj\assertj-core\3.19.0\assertj-core-3.19.0.jar;C:\Users\lbh\.m2\repository\org\hamcrest\hamcrest\2.2\hamcrest-2.2.jar;C:\Users\lbh\.m2\repository\org\junit\jupiter\junit-jupiter\5.7.2\junit-jupiter-5.7.2.jar;C:\Users\lbh\.m2\repository\org\junit\jupiter\junit-jupiter-api\5.7.2\junit-jupiter-api-5.7.2.jar;C:\Users\lbh\.m2\repository\org\apiguardian\apiguardian-api\1.1.0\apiguardian-api-1.1.0.jar;C:\Users\lbh\.m2\repository\org\opentest4j\opentest4j\1.2.0\opentest4j-1.2.0.jar;C:\Users\lbh\.m2\repository\org\junit\platform\junit-platform-commons\1.7.2\junit-platform-commons-1.7.2.jar;C:\Users\lbh\.m2\repository\org\junit\jupiter\junit-jupiter-params\5.7.2\junit-jupiter-params-5.7.2.jar;C:\Users\lbh\.m2\repository\org\junit\jupiter\junit-jupiter-engine\5.7.2\junit-jupiter-engine-5.7.2.jar;C:\Users\lbh\.m2\repository\org\junit\platform\junit-platform-engine\1.7.2\junit-platform-engine-1.7.2.jar;C:\Users\lbh\.m2\repository\org\mockito\mockito-junit-jupiter\3.9.0\mockito-junit-jupiter-3.9.0.jar;C:\Users\lbh\.m2\repository\org\skyscreamer\jsonassert\1.5.0\jsonassert-1.5.0.jar;C:\Users\lbh\.m2\repository\com\vaadin\external\google\android-json\0.0.20131108.vaadin1\android-json-0.0.20131108.vaadin1.jar;C:\Users\lbh\.m2\repository\org\springframework\spring-test\5.3.18\spring-test-5.3.18.jar;C:\Users\lbh\.m2\repository\org\xmlunit\xmlunit-core\2.8.4\xmlunit-core-2.8.4.jar;C:\Users\lbh\.m2\repository\com\h2database\h2\1.4.200\h2-1.4.200.jar;C:\Users\lbh\.m2\repository\com\github\fppt\jedis-mock\0.1.16\jedis-mock-0.1.16.jar;C:\Users\lbh\.m2\repository\com\google\auto\value\auto-value-annotations\1.6.2\auto-value-annotations-1.6.2.jar;C:\Users\lbh\.m2\repository\uk\co\jemos\podam\podam\7.2.6.RELEASE\podam-7.2.6.RELEASE.jar;C:\Users\lbh\.m2\repository\net\jcip\jcip-annotations\1.0\jcip-annotations-1.0.jar;C:\Users\lbh\.m2\repository\javax\annotation\javax.annotation-api\1.3.2\javax.annotation-api-1.3.2.jar;C:\Users\lbh\.m2\repository\javax\validation\validation-api\2.0.1.Final\validation-api-2.0.1.Final.jar;C:\Users\lbh\.m2\repository\org\apache\commons\commons-lang3\3.12.0\commons-lang3-3.12.0.jar;C:\Users\lbh\.m2\repository\com\google\guava\guava\30.1.1-jre\guava-30.1.1-jre.jar;C:\Users\lbh\.m2\repository\com\google\guava\failureaccess\1.0.1\failureaccess-1.0.1.jar;C:\Users\lbh\.m2\repository\com\google\guava\listenablefuture\9999.0-empty-to-avoid-conflict-with-guava\listenablefuture-9999.0-empty-to-avoid-conflict-with-guava.jar;C:\Users\lbh\.m2\repository\com\google\code\findbugs\jsr305\3.0.2\jsr305-3.0.2.jar;C:\Users\lbh\.m2\repository\org\checkerframework\checker-qual\3.8.0\checker-qual-3.8.0.jar;C:\Users\lbh\.m2\repository\com\google\errorprone\error_prone_annotations\2.5.1\error_prone_annotations-2.5.1.jar;C:\Users\lbh\.m2\repository\com\google\j2objc\j2objc-annotations\1.3\j2objc-annotations-1.3.jar;C:\Users\lbh\.m2\repository\com\fasterxml\jackson\core\jackson-databind\2.12.6.1\jackson-databind-2.12.6.1.jar;C:\Users\lbh\.m2\repository\com\fasterxml\jackson\core\jackson-annotations\2.12.6\jackson-annotations-2.12.6.jar;C:\Users\lbh\.m2\repository\com\fasterxml\jackson\core\jackson-core\2.12.6\jackson-core-2.12.6.jar;C:\Users\lbh\.m2\repository\jakarta\validation\jakarta.validation-api\2.0.2\jakarta.validation-api-2.0.2.jar;C:\Users\lbh\.m2\repository\com\yunpian\sdk\yunpian-java-sdk\1.2.7\yunpian-java-sdk-1.2.7.jar;C:\Users\lbh\.m2\repository\org\slf4j\slf4j-api\1.7.36\slf4j-api-1.7.36.jar;C:\Users\lbh\.m2\repository\com\google\code\gson\gson\2.8.9\gson-2.8.9.jar;C:\Users\lbh\.m2\repository\org\apache\httpcomponents\httpasyncclient\4.1.5\httpasyncclient-4.1.5.jar;C:\Users\lbh\.m2\repository\org\apache\httpcomponents\httpcore-nio\4.4.15\httpcore-nio-4.4.15.jar;C:\Users\lbh\.m2\repository\org\apache\httpcomponents\httpasyncclient-cache\4.1.2\httpasyncclient-cache-4.1.2.jar;C:\Users\lbh\.m2\repository\org\apache\httpcomponents\httpclient-cache\4.5.13\httpclient-cache-4.5.13.jar;C:\Users\lbh\.m2\repository\org\apache\httpcomponents\httpmime\4.5.13\httpmime-4.5.13.jar;C:\Users\lbh\.m2\repository\com\aliyun\aliyun-java-sdk-core\4.5.25\aliyun-java-sdk-core-4.5.25.jar;C:\Users\lbh\.m2\repository\org\apache\httpcomponents\httpclient\4.5.13\httpclient-4.5.13.jar;C:\Users\lbh\.m2\repository\commons-codec\commons-codec\1.15\commons-codec-1.15.jar;C:\Users\lbh\.m2\repository\org\apache\httpcomponents\httpcore\4.4.15\httpcore-4.4.15.jar;C:\Users\lbh\.m2\repository\commons-logging\commons-logging\1.2\commons-logging-1.2.jar;C:\Users\lbh\.m2\repository\javax\xml\bind\jaxb-api\2.3.1\jaxb-api-2.3.1.jar;C:\Users\lbh\.m2\repository\javax\activation\javax.activation-api\1.2.0\javax.activation-api-1.2.0.jar;C:\Users\lbh\.m2\repository\org\jacoco\org.jacoco.agent\0.8.7\org.jacoco.agent-0.8.7-runtime.jar;C:\Users\lbh\.m2\repository\org\ini4j\ini4j\0.5.4\ini4j-0.5.4.jar;C:\Users\lbh\.m2\repository\com\aliyun\aliyun-java-sdk-dysmsapi\2.1.0\aliyun-java-sdk-dysmsapi-2.1.0.jar;C:\Users\lbh\.m2\repository\com\tencentcloudapi\tencentcloud-sdk-java\3.1.471\tencentcloud-sdk-java-3.1.471.jar;C:\Users\lbh\.m2\repository\com\squareup\okio\okio\1.12.0\okio-1.12.0.jar;C:\Users\lbh\.m2\repository\com\squareup\okhttp\okhttp\2.7.5\okhttp-2.7.5.jar;C:\Users\lbh\.m2\repository\com\squareup\okhttp\logging-interceptor\2.7.5\logging-interceptor-2.7.5.jar;"/>
    <property name="sun.cpu.endian" value="little"/>
    <property name="user.home" value="C:\Users\lbh"/>
    <property name="user.language" value="zh"/>
    <property name="java.specification.vendor" value="Oracle Corporation"/>
    <property name="java.home" value="C:\Program Files\Java\jdk1.8.0_331\jre"/>
    <property name="basedir" value="C:\lbh\project\school\backend\yudao-framework\yudao-spring-boot-starter-biz-sms"/>
    <property name="file.separator" value="\"/>
    <property name="line.separator" value="&#10;"/>
    <property name="java.vm.specification.vendor" value="Oracle Corporation"/>
    <property name="java.specification.name" value="Java Platform API Specification"/>
    <property name="java.awt.graphicsenv" value="sun.awt.Win32GraphicsEnvironment"/>
    <property name="surefire.real.class.path" value="C:\Users\lbh\AppData\Local\Temp\surefire8245789595982235289\surefirebooter4564227359290642007.jar"/>
    <property name="sun.boot.class.path" value="C:\Program Files\Java\jdk1.8.0_331\jre\lib\resources.jar;C:\Program Files\Java\jdk1.8.0_331\jre\lib\rt.jar;C:\Program Files\Java\jdk1.8.0_331\jre\lib\sunrsasign.jar;C:\Program Files\Java\jdk1.8.0_331\jre\lib\jsse.jar;C:\Program Files\Java\jdk1.8.0_331\jre\lib\jce.jar;C:\Program Files\Java\jdk1.8.0_331\jre\lib\charsets.jar;C:\Program Files\Java\jdk1.8.0_331\jre\lib\jfr.jar;C:\Program Files\Java\jdk1.8.0_331\jre\classes"/>
    <property name="user.script" value=""/>
    <property name="sun.management.compiler" value="HotSpot 64-Bit Tiered Compilers"/>
    <property name="java.runtime.version" value="1.8.0_331-b09"/>
    <property name="user.name" value="lbh"/>
    <property name="path.separator" value=";"/>
    <property name="os.version" value="10.0"/>
    <property name="java.endorsed.dirs" value="C:\Program Files\Java\jdk1.8.0_331\jre\lib\endorsed"/>
    <property name="java.runtime.name" value="Java(TM) SE Runtime Environment"/>
    <property name="file.encoding" value="GBK"/>
    <property name="java.vm.name" value="Java HotSpot(TM) 64-Bit Server VM"/>
    <property name="localRepository" value="C:\Users\lbh\.m2\repository"/>
    <property name="java.vendor.url.bug" value="http://bugreport.sun.com/bugreport/"/>
    <property name="java.io.tmpdir" value="C:\Users\lbh\AppData\Local\Temp\"/>
    <property name="java.version" value="1.8.0_331"/>
    <property name="user.dir" value="C:\lbh\project\school\backend\yudao-framework\yudao-spring-boot-starter-biz-sms"/>
    <property name="os.arch" value="amd64"/>
    <property name="java.vm.specification.name" value="Java Virtual Machine Specification"/>
    <property name="java.awt.printerjob" value="sun.awt.windows.WPrinterJob"/>
    <property name="sun.os.patch.level" value=""/>
    <property name="java.library.path" value="C:\Program Files\Java\jdk1.8.0_331\jre\bin;C:\Windows\Sun\Java\bin;C:\Windows\system32;C:\Windows;C:/Program Files/Java/jdk1.8.0_331/jre/bin/server;C:/Program Files/Java/jdk1.8.0_331/jre/bin;C:/Program Files/Java/jdk1.8.0_331/jre/lib/amd64;C:\Users\lbh\AppData\Roaming\npm\node_modules\yarn\bin;C:\Program Files (x86)\Common Files\Oracle\Java\javapath;C:\Windows\system32;C:\Windows;C:\Windows\System32\Wbem;C:\Windows\System32\WindowsPowerShell\v1.0\;C:\Windows\System32\OpenSSH\;C:\Program Files\dotnet\;C:\Program Files\Java\jdk1.8.0_331\bin;C:\Program Files\Java\jdk1.8.0_331\jre\bin;C:\Program Files (x86)\NetSarang\Xshell 7\;C:\Program Files (x86)\Tencent\微信web开发者工具\dll;C:\Program Files (x86)\NetSarang\Xftp 7\;C:\Program Files\nodejs\;C:\Program Files\TortoiseSVN\bin;C:\lbh\software\apache-maven-3.8.6-bin\apache-maven-3.8.6\bin;;C:\Program Files\Docker\Docker\resources\bin;C:\ProgramData\DockerDesktop\version-bin;C:\Users\lbh\AppData\Local\Microsoft\WindowsApps;C:\lbh\software\mysql-5.7.29-winx64\bin;C:\Users\lbh\AppData\Roaming\npm;C:\lbh\software\eclipse;;."/>
    <property name="java.vm.info" value="mixed mode"/>
    <property name="java.vendor" value="Oracle Corporation"/>
    <property name="java.vm.version" value="25.331-b09"/>
    <property name="java.ext.dirs" value="C:\Program Files\Java\jdk1.8.0_331\jre\lib\ext;C:\Windows\Sun\Java\lib\ext"/>
    <property name="sun.io.unicode.encoding" value="UnicodeLittle"/>
    <property name="java.class.version" value="52.0"/>
  </properties>
  <testcase name="testInvoke_success" classname="cn.iocoder.yudao.framework.sms.core.client.impl.yunpian.YunpianSmsClientTest" time="0.047">
    <system-out><![CDATA[07:49:08.935 [main] DEBUG uk.co.jemos.podam.api.PodamFactoryImpl - Manufacturing class com.yunpian.sdk.model.Result with parameters [class com.yunpian.sdk.model.SmsSingleSend]
07:49:08.936 [main] DEBUG uk.co.jemos.podam.api.AbstractRandomDataProviderStrategy - Failed to find suitable manufacturer for type class com.yunpian.sdk.model.Result
07:49:08.936 [main] DEBUG uk.co.jemos.podam.api.PodamFactoryImpl - We could create an instance with constructor: public com.yunpian.sdk.model.Result()
07:49:08.936 [main] DEBUG uk.co.jemos.podam.api.PodamFactoryImpl - Populating pojo class com.yunpian.sdk.model.Result
07:49:08.936 [main] DEBUG uk.co.jemos.podam.api.PodamFactoryImpl - Populating read-write field public com.yunpian.sdk.model.Result com.yunpian.sdk.model.Result.setCode(java.lang.Integer)
07:49:08.936 [main] DEBUG uk.co.jemos.podam.api.PodamFactoryImpl - Manufacturing class java.lang.Integer with parameters []
07:49:08.936 [main] DEBUG uk.co.jemos.podam.api.PodamFactoryImpl - Populating pojo class java.lang.Integer
07:49:08.937 [main] DEBUG uk.co.jemos.podam.api.PodamFactoryImpl - Populating read-write field public com.yunpian.sdk.model.Result com.yunpian.sdk.model.Result.setDetail(java.lang.String)
07:49:08.937 [main] DEBUG uk.co.jemos.podam.api.PodamFactoryImpl - Manufacturing class java.lang.String with parameters []
07:49:08.937 [main] DEBUG uk.co.jemos.podam.api.PodamFactoryImpl - Populating pojo class java.lang.String
07:49:08.937 [main] DEBUG uk.co.jemos.podam.api.PodamFactoryImpl - Populating read-write field public com.yunpian.sdk.model.Result com.yunpian.sdk.model.Result.setData(java.lang.Object)
07:49:08.937 [main] DEBUG uk.co.jemos.podam.api.PodamFactoryImpl - Manufacturing class com.yunpian.sdk.model.SmsSingleSend with parameters []
07:49:08.937 [main] DEBUG uk.co.jemos.podam.api.AbstractRandomDataProviderStrategy - Failed to find suitable manufacturer for type class com.yunpian.sdk.model.SmsSingleSend
07:49:08.937 [main] DEBUG uk.co.jemos.podam.api.PodamFactoryImpl - We could create an instance with constructor: public com.yunpian.sdk.model.SmsSingleSend()
07:49:08.937 [main] DEBUG uk.co.jemos.podam.api.PodamFactoryImpl - Populating pojo class com.yunpian.sdk.model.SmsSingleSend
07:49:08.938 [main] DEBUG uk.co.jemos.podam.api.PodamFactoryImpl - Populating read-write field public void com.yunpian.sdk.model.SmsSingleSend.setMsg(java.lang.String)
07:49:08.939 [main] DEBUG uk.co.jemos.podam.api.PodamFactoryImpl - Manufacturing class java.lang.String with parameters []
07:49:08.939 [main] DEBUG uk.co.jemos.podam.api.PodamFactoryImpl - Populating pojo class java.lang.String
07:49:08.939 [main] DEBUG uk.co.jemos.podam.api.PodamFactoryImpl - Populating read-write field public void com.yunpian.sdk.model.SmsSingleSend.setCode(java.lang.Integer)
07:49:08.939 [main] DEBUG uk.co.jemos.podam.api.PodamFactoryImpl - Manufacturing class java.lang.Integer with parameters []
07:49:08.939 [main] DEBUG uk.co.jemos.podam.api.PodamFactoryImpl - Populating pojo class java.lang.Integer
07:49:08.940 [main] DEBUG uk.co.jemos.podam.api.PodamFactoryImpl - Populating read-write field public void com.yunpian.sdk.model.SmsSingleSend.setFee(java.lang.Double)
07:49:08.940 [main] DEBUG uk.co.jemos.podam.api.PodamFactoryImpl - Manufacturing class java.lang.Double with parameters []
07:49:08.941 [main] DEBUG uk.co.jemos.podam.api.PodamFactoryImpl - Populating pojo class java.lang.Double
07:49:08.941 [main] DEBUG uk.co.jemos.podam.api.PodamFactoryImpl - Populating read-write field public void com.yunpian.sdk.model.SmsSingleSend.setUnit(java.lang.String)
07:49:08.941 [main] DEBUG uk.co.jemos.podam.api.PodamFactoryImpl - Manufacturing class java.lang.String with parameters []
07:49:08.941 [main] DEBUG uk.co.jemos.podam.api.PodamFactoryImpl - Populating pojo class java.lang.String
07:49:08.941 [main] DEBUG uk.co.jemos.podam.api.PodamFactoryImpl - Populating read-write field public void com.yunpian.sdk.model.SmsSingleSend.setCount(java.lang.Integer)
07:49:08.941 [main] DEBUG uk.co.jemos.podam.api.PodamFactoryImpl - Manufacturing class java.lang.Integer with parameters []
07:49:08.941 [main] DEBUG uk.co.jemos.podam.api.PodamFactoryImpl - Populating pojo class java.lang.Integer
07:49:08.942 [main] DEBUG uk.co.jemos.podam.api.PodamFactoryImpl - Populating read-write field public void com.yunpian.sdk.model.SmsSingleSend.setSid(java.lang.Long)
07:49:08.942 [main] DEBUG uk.co.jemos.podam.api.PodamFactoryImpl - Manufacturing class java.lang.Long with parameters []
07:49:08.942 [main] DEBUG uk.co.jemos.podam.api.PodamFactoryImpl - Populating pojo class java.lang.Long
07:49:08.942 [main] DEBUG uk.co.jemos.podam.api.PodamFactoryImpl - Populating read-write field public void com.yunpian.sdk.model.SmsSingleSend.setMobile(java.lang.String)
07:49:08.942 [main] DEBUG uk.co.jemos.podam.api.PodamFactoryImpl - Manufacturing class java.lang.String with parameters []
07:49:08.942 [main] DEBUG uk.co.jemos.podam.api.PodamFactoryImpl - Populating pojo class java.lang.String
07:49:08.943 [main] DEBUG uk.co.jemos.podam.api.PodamFactoryImpl - Populating read-write field public com.yunpian.sdk.model.Result com.yunpian.sdk.model.Result.setMsg(java.lang.String)
07:49:08.943 [main] DEBUG uk.co.jemos.podam.api.PodamFactoryImpl - Manufacturing class java.lang.String with parameters []
07:49:08.943 [main] DEBUG uk.co.jemos.podam.api.PodamFactoryImpl - Populating pojo class java.lang.String
]]></system-out>
  </testcase>
  <testcase name="testDoGetSmsTemplate" classname="cn.iocoder.yudao.framework.sms.core.client.impl.yunpian.YunpianSmsClientTest" time="0.068">
    <system-out><![CDATA[07:49:09.000 [main] DEBUG uk.co.jemos.podam.api.PodamFactoryImpl - Manufacturing class com.yunpian.sdk.model.Result with parameters [interface java.util.List]
07:49:09.000 [main] DEBUG uk.co.jemos.podam.api.AbstractRandomDataProviderStrategy - Failed to find suitable manufacturer for type class com.yunpian.sdk.model.Result
07:49:09.000 [main] DEBUG uk.co.jemos.podam.api.PodamFactoryImpl - We could create an instance with constructor: public com.yunpian.sdk.model.Result()
07:49:09.000 [main] DEBUG uk.co.jemos.podam.api.PodamFactoryImpl - Populating pojo class com.yunpian.sdk.model.Result
07:49:09.000 [main] DEBUG uk.co.jemos.podam.api.PodamFactoryImpl - Populating read-write field public com.yunpian.sdk.model.Result com.yunpian.sdk.model.Result.setCode(java.lang.Integer)
07:49:09.000 [main] DEBUG uk.co.jemos.podam.api.PodamFactoryImpl - Manufacturing class java.lang.Integer with parameters []
07:49:09.000 [main] DEBUG uk.co.jemos.podam.api.PodamFactoryImpl - Populating pojo class java.lang.Integer
07:49:09.000 [main] DEBUG uk.co.jemos.podam.api.PodamFactoryImpl - Populating read-write field public com.yunpian.sdk.model.Result com.yunpian.sdk.model.Result.setDetail(java.lang.String)
07:49:09.001 [main] DEBUG uk.co.jemos.podam.api.PodamFactoryImpl - Manufacturing class java.lang.String with parameters []
07:49:09.001 [main] DEBUG uk.co.jemos.podam.api.PodamFactoryImpl - Populating pojo class java.lang.String
07:49:09.001 [main] DEBUG uk.co.jemos.podam.api.PodamFactoryImpl - Populating read-write field public com.yunpian.sdk.model.Result com.yunpian.sdk.model.Result.setData(java.lang.Object)
07:49:09.005 [main] WARN uk.co.jemos.podam.typeManufacturers.TypeManufacturerUtil - Unrecognized type E. Will use Object instead
07:49:09.005 [main] DEBUG uk.co.jemos.podam.api.PodamFactoryImpl - Manufacturing class java.lang.Object with parameters []
07:49:09.005 [main] DEBUG uk.co.jemos.podam.api.AbstractRandomDataProviderStrategy - Failed to find suitable manufacturer for type class java.lang.Object
07:49:09.006 [main] DEBUG uk.co.jemos.podam.api.PodamFactoryImpl - We could create an instance with constructor: public java.lang.Object()
07:49:09.006 [main] DEBUG uk.co.jemos.podam.api.PodamFactoryImpl - Populating pojo class java.lang.Object
07:49:09.006 [main] DEBUG uk.co.jemos.podam.api.PodamFactoryImpl - Manufacturing class java.lang.Object with parameters []
07:49:09.006 [main] DEBUG uk.co.jemos.podam.api.AbstractRandomDataProviderStrategy - Failed to find suitable manufacturer for type class java.lang.Object
07:49:09.006 [main] DEBUG uk.co.jemos.podam.api.PodamFactoryImpl - We could create an instance with constructor: public java.lang.Object()
07:49:09.006 [main] DEBUG uk.co.jemos.podam.api.PodamFactoryImpl - Populating pojo class java.lang.Object
07:49:09.006 [main] DEBUG uk.co.jemos.podam.api.PodamFactoryImpl - Manufacturing class java.lang.Object with parameters []
07:49:09.006 [main] DEBUG uk.co.jemos.podam.api.AbstractRandomDataProviderStrategy - Failed to find suitable manufacturer for type class java.lang.Object
07:49:09.006 [main] DEBUG uk.co.jemos.podam.api.PodamFactoryImpl - We could create an instance with constructor: public java.lang.Object()
07:49:09.006 [main] DEBUG uk.co.jemos.podam.api.PodamFactoryImpl - Populating pojo class java.lang.Object
07:49:09.006 [main] DEBUG uk.co.jemos.podam.api.PodamFactoryImpl - Manufacturing class java.lang.Object with parameters []
07:49:09.006 [main] DEBUG uk.co.jemos.podam.api.AbstractRandomDataProviderStrategy - Failed to find suitable manufacturer for type class java.lang.Object
07:49:09.006 [main] DEBUG uk.co.jemos.podam.api.PodamFactoryImpl - We could create an instance with constructor: public java.lang.Object()
07:49:09.006 [main] DEBUG uk.co.jemos.podam.api.PodamFactoryImpl - Populating pojo class java.lang.Object
07:49:09.006 [main] DEBUG uk.co.jemos.podam.api.PodamFactoryImpl - Manufacturing class java.lang.Object with parameters []
07:49:09.006 [main] DEBUG uk.co.jemos.podam.api.AbstractRandomDataProviderStrategy - Failed to find suitable manufacturer for type class java.lang.Object
07:49:09.006 [main] DEBUG uk.co.jemos.podam.api.PodamFactoryImpl - We could create an instance with constructor: public java.lang.Object()
07:49:09.006 [main] DEBUG uk.co.jemos.podam.api.PodamFactoryImpl - Populating pojo class java.lang.Object
07:49:09.006 [main] DEBUG uk.co.jemos.podam.api.PodamFactoryImpl - Populating read-write field public com.yunpian.sdk.model.Result com.yunpian.sdk.model.Result.setMsg(java.lang.String)
07:49:09.006 [main] DEBUG uk.co.jemos.podam.api.PodamFactoryImpl - Manufacturing class java.lang.String with parameters []
07:49:09.006 [main] DEBUG uk.co.jemos.podam.api.PodamFactoryImpl - Populating pojo class java.lang.String
07:49:09.008 [main] DEBUG uk.co.jemos.podam.api.PodamFactoryImpl - Manufacturing class com.yunpian.sdk.model.Template with parameters []
07:49:09.008 [main] DEBUG uk.co.jemos.podam.api.AbstractRandomDataProviderStrategy - Failed to find suitable manufacturer for type class com.yunpian.sdk.model.Template
07:49:09.008 [main] DEBUG uk.co.jemos.podam.api.PodamFactoryImpl - We could create an instance with constructor: public com.yunpian.sdk.model.Template()
07:49:09.008 [main] DEBUG uk.co.jemos.podam.api.PodamFactoryImpl - Populating pojo class com.yunpian.sdk.model.Template
07:49:09.008 [main] DEBUG uk.co.jemos.podam.api.PodamFactoryImpl - Populating read-write field public void com.yunpian.sdk.model.Template.setCountry_code(java.lang.String)
07:49:09.008 [main] DEBUG uk.co.jemos.podam.api.PodamFactoryImpl - Manufacturing class java.lang.String with parameters []
07:49:09.008 [main] DEBUG uk.co.jemos.podam.api.PodamFactoryImpl - Populating pojo class java.lang.String
07:49:09.008 [main] DEBUG uk.co.jemos.podam.api.PodamFactoryImpl - Populating read-write field public void com.yunpian.sdk.model.Template.setReason(java.lang.String)
07:49:09.009 [main] DEBUG uk.co.jemos.podam.api.PodamFactoryImpl - Manufacturing class java.lang.String with parameters []
07:49:09.009 [main] DEBUG uk.co.jemos.podam.api.PodamFactoryImpl - Populating pojo class java.lang.String
07:49:09.009 [main] DEBUG uk.co.jemos.podam.api.PodamFactoryImpl - Populating read-write field public void com.yunpian.sdk.model.Template.setCheck_status(java.lang.String)
07:49:09.009 [main] DEBUG uk.co.jemos.podam.api.PodamFactoryImpl - Manufacturing class java.lang.String with parameters []
07:49:09.009 [main] DEBUG uk.co.jemos.podam.api.PodamFactoryImpl - Populating pojo class java.lang.String
07:49:09.009 [main] DEBUG uk.co.jemos.podam.api.PodamFactoryImpl - Populating read-write field public void com.yunpian.sdk.model.Template.setTpl_content(java.lang.String)
07:49:09.009 [main] DEBUG uk.co.jemos.podam.api.PodamFactoryImpl - Manufacturing class java.lang.String with parameters []
07:49:09.009 [main] DEBUG uk.co.jemos.podam.api.PodamFactoryImpl - Populating pojo class java.lang.String
07:49:09.009 [main] DEBUG uk.co.jemos.podam.api.PodamFactoryImpl - Populating read-write field public void com.yunpian.sdk.model.Template.setLang(java.lang.String)
07:49:09.009 [main] DEBUG uk.co.jemos.podam.api.PodamFactoryImpl - Manufacturing class java.lang.String with parameters []
07:49:09.009 [main] DEBUG uk.co.jemos.podam.api.PodamFactoryImpl - Populating pojo class java.lang.String
07:49:09.009 [main] DEBUG uk.co.jemos.podam.api.PodamFactoryImpl - Populating read-write field public void com.yunpian.sdk.model.Template.setTpl_id(java.lang.Long)
07:49:09.009 [main] DEBUG uk.co.jemos.podam.api.PodamFactoryImpl - Manufacturing class java.lang.Long with parameters []
07:49:09.009 [main] DEBUG uk.co.jemos.podam.api.PodamFactoryImpl - Populating pojo class java.lang.Long
]]></system-out>
  </testcase>
  <testcase name="testInvoke_throwable" classname="cn.iocoder.yudao.framework.sms.core.client.impl.yunpian.YunpianSmsClientTest" time="0.002"/>
  <testcase name="testDoSendSms" classname="cn.iocoder.yudao.framework.sms.core.client.impl.yunpian.YunpianSmsClientTest" time="0.045">
    <system-out><![CDATA[07:49:09.055 [main] DEBUG uk.co.jemos.podam.api.PodamFactoryImpl - Manufacturing class com.yunpian.sdk.model.Result with parameters [class com.yunpian.sdk.model.SmsSingleSend]
07:49:09.055 [main] DEBUG uk.co.jemos.podam.api.AbstractRandomDataProviderStrategy - Failed to find suitable manufacturer for type class com.yunpian.sdk.model.Result
07:49:09.055 [main] DEBUG uk.co.jemos.podam.api.PodamFactoryImpl - We could create an instance with constructor: public com.yunpian.sdk.model.Result()
07:49:09.055 [main] DEBUG uk.co.jemos.podam.api.PodamFactoryImpl - Populating pojo class com.yunpian.sdk.model.Result
07:49:09.055 [main] DEBUG uk.co.jemos.podam.api.PodamFactoryImpl - Populating read-write field public com.yunpian.sdk.model.Result com.yunpian.sdk.model.Result.setCode(java.lang.Integer)
07:49:09.055 [main] DEBUG uk.co.jemos.podam.api.PodamFactoryImpl - Manufacturing class java.lang.Integer with parameters []
07:49:09.055 [main] DEBUG uk.co.jemos.podam.api.PodamFactoryImpl - Populating pojo class java.lang.Integer
07:49:09.055 [main] DEBUG uk.co.jemos.podam.api.PodamFactoryImpl - Populating read-write field public com.yunpian.sdk.model.Result com.yunpian.sdk.model.Result.setDetail(java.lang.String)
07:49:09.055 [main] DEBUG uk.co.jemos.podam.api.PodamFactoryImpl - Manufacturing class java.lang.String with parameters []
07:49:09.055 [main] DEBUG uk.co.jemos.podam.api.PodamFactoryImpl - Populating pojo class java.lang.String
07:49:09.055 [main] DEBUG uk.co.jemos.podam.api.PodamFactoryImpl - Populating read-write field public com.yunpian.sdk.model.Result com.yunpian.sdk.model.Result.setData(java.lang.Object)
07:49:09.055 [main] DEBUG uk.co.jemos.podam.api.PodamFactoryImpl - Manufacturing class com.yunpian.sdk.model.SmsSingleSend with parameters []
07:49:09.055 [main] DEBUG uk.co.jemos.podam.api.AbstractRandomDataProviderStrategy - Failed to find suitable manufacturer for type class com.yunpian.sdk.model.SmsSingleSend
07:49:09.056 [main] DEBUG uk.co.jemos.podam.api.PodamFactoryImpl - We could create an instance with constructor: public com.yunpian.sdk.model.SmsSingleSend()
07:49:09.056 [main] DEBUG uk.co.jemos.podam.api.PodamFactoryImpl - Populating pojo class com.yunpian.sdk.model.SmsSingleSend
07:49:09.056 [main] DEBUG uk.co.jemos.podam.api.PodamFactoryImpl - Populating read-write field public void com.yunpian.sdk.model.SmsSingleSend.setMsg(java.lang.String)
07:49:09.056 [main] DEBUG uk.co.jemos.podam.api.PodamFactoryImpl - Manufacturing class java.lang.String with parameters []
07:49:09.056 [main] DEBUG uk.co.jemos.podam.api.PodamFactoryImpl - Populating pojo class java.lang.String
07:49:09.056 [main] DEBUG uk.co.jemos.podam.api.PodamFactoryImpl - Populating read-write field public void com.yunpian.sdk.model.SmsSingleSend.setCode(java.lang.Integer)
07:49:09.056 [main] DEBUG uk.co.jemos.podam.api.PodamFactoryImpl - Manufacturing class java.lang.Integer with parameters []
07:49:09.056 [main] DEBUG uk.co.jemos.podam.api.PodamFactoryImpl - Populating pojo class java.lang.Integer
07:49:09.056 [main] DEBUG uk.co.jemos.podam.api.PodamFactoryImpl - Populating read-write field public void com.yunpian.sdk.model.SmsSingleSend.setFee(java.lang.Double)
07:49:09.056 [main] DEBUG uk.co.jemos.podam.api.PodamFactoryImpl - Manufacturing class java.lang.Double with parameters []
07:49:09.056 [main] DEBUG uk.co.jemos.podam.api.PodamFactoryImpl - Populating pojo class java.lang.Double
07:49:09.056 [main] DEBUG uk.co.jemos.podam.api.PodamFactoryImpl - Populating read-write field public void com.yunpian.sdk.model.SmsSingleSend.setUnit(java.lang.String)
07:49:09.056 [main] DEBUG uk.co.jemos.podam.api.PodamFactoryImpl - Manufacturing class java.lang.String with parameters []
07:49:09.056 [main] DEBUG uk.co.jemos.podam.api.PodamFactoryImpl - Populating pojo class java.lang.String
07:49:09.056 [main] DEBUG uk.co.jemos.podam.api.PodamFactoryImpl - Populating read-write field public void com.yunpian.sdk.model.SmsSingleSend.setCount(java.lang.Integer)
07:49:09.056 [main] DEBUG uk.co.jemos.podam.api.PodamFactoryImpl - Manufacturing class java.lang.Integer with parameters []
07:49:09.056 [main] DEBUG uk.co.jemos.podam.api.PodamFactoryImpl - Populating pojo class java.lang.Integer
07:49:09.056 [main] DEBUG uk.co.jemos.podam.api.PodamFactoryImpl - Populating read-write field public void com.yunpian.sdk.model.SmsSingleSend.setSid(java.lang.Long)
07:49:09.056 [main] DEBUG uk.co.jemos.podam.api.PodamFactoryImpl - Manufacturing class java.lang.Long with parameters []
07:49:09.056 [main] DEBUG uk.co.jemos.podam.api.PodamFactoryImpl - Populating pojo class java.lang.Long
07:49:09.056 [main] DEBUG uk.co.jemos.podam.api.PodamFactoryImpl - Populating read-write field public void com.yunpian.sdk.model.SmsSingleSend.setMobile(java.lang.String)
07:49:09.056 [main] DEBUG uk.co.jemos.podam.api.PodamFactoryImpl - Manufacturing class java.lang.String with parameters []
07:49:09.056 [main] DEBUG uk.co.jemos.podam.api.PodamFactoryImpl - Populating pojo class java.lang.String
07:49:09.056 [main] DEBUG uk.co.jemos.podam.api.PodamFactoryImpl - Populating read-write field public com.yunpian.sdk.model.Result com.yunpian.sdk.model.Result.setMsg(java.lang.String)
07:49:09.056 [main] DEBUG uk.co.jemos.podam.api.PodamFactoryImpl - Manufacturing class java.lang.String with parameters []
07:49:09.056 [main] DEBUG uk.co.jemos.podam.api.PodamFactoryImpl - Populating pojo class java.lang.String
]]></system-out>
  </testcase>
  <testcase name="testDoParseSmsReceiveStatus" classname="cn.iocoder.yudao.framework.sms.core.client.impl.yunpian.YunpianSmsClientTest" time="0.003"/>
  <testcase name="testDoInit" classname="cn.iocoder.yudao.framework.sms.core.client.impl.yunpian.YunpianSmsClientTest" time="0.05">
    <system-out><![CDATA[07:49:09.066 [main] INFO com.yunpian.sdk.YunpianClient - YunpianClient is initing!
07:49:09.066 [main] INFO com.yunpian.sdk.YunpianConf - load default yunpian.properties
07:49:09.067 [main] INFO com.yunpian.sdk.YunpianConf - apikey-a4wf3blro1 conf-{yp.flow.host=https://flow.yunpian.com, yp.sign.host=https://sms.yunpian.com, yp.tpl.host=https://sms.yunpian.com, http.conn.maxperroute=50, yp.user.host=https://sms.yunpian.com, yp.version=v2, yp.call.host=https://call.yunpian.com, yp.short_url.host=https://sms.yunpian.com, http.charset=utf-8, http.conn.timeout=10000, yp.voice.host=https://voice.yunpian.com, http.so.timeout=30000, yp.sms.host=https://sms.yunpian.com, http.conn.maxtotal=200}
]]></system-out>
  </testcase>
  <testcase name="testConvertSmsTemplateAuditStatus" classname="cn.iocoder.yudao.framework.sms.core.client.impl.yunpian.YunpianSmsClientTest" time="0.001"/>
</testsuite>