<?xml version="1.0" encoding="UTF-8"?>
<testsuite xmlns:xsi="http://www.w3.org/2001/XMLSchema-instance" xsi:noNamespaceSchemaLocation="https://maven.apache.org/surefire/maven-surefire-plugin/xsd/surefire-test-report-3.0.xsd" version="3.0" name="cn.iocoder.yudao.module.infra.service.file.FileConfigServiceImplTest" time="1.015" tests="11" errors="0" skipped="0" failures="0">
  <properties>
    <property name="sun.desktop" value="windows"/>
    <property name="awt.toolkit" value="sun.awt.windows.WToolkit"/>
    <property name="file.encoding.pkg" value="sun.io"/>
    <property name="java.specification.version" value="1.8"/>
    <property name="sun.cpu.isalist" value="amd64"/>
    <property name="sun.jnu.encoding" value="GBK"/>
    <property name="java.class.path" value="C:\lbh\project\school\backend\yudao-module-infra\yudao-module-infra-biz\target\test-classes;C:\lbh\project\school\backend\yudao-module-infra\yudao-module-infra-biz\target\classes;C:\lbh\project\school\backend\yudao-module-system\yudao-module-system-api\target\yudao-module-system-api-1.6.2-snapshot.jar;C:\lbh\project\school\backend\yudao-framework\yudao-common\target\yudao-common-1.6.2-snapshot.jar;C:\Users\lbh\.m2\repository\org\projectlombok\lombok\1.18.20\lombok-1.18.20.jar;C:\Users\lbh\.m2\repository\org\mapstruct\mapstruct\1.4.1.Final\mapstruct-1.4.1.Final.jar;C:\Users\lbh\.m2\repository\org\mapstruct\mapstruct-jdk8\1.4.1.Final\mapstruct-jdk8-1.4.1.Final.jar;C:\Users\lbh\.m2\repository\org\mapstruct\mapstruct-processor\1.4.1.Final\mapstruct-processor-1.4.1.Final.jar;C:\Users\lbh\.m2\repository\cn\hutool\hutool-all\5.6.1\hutool-all-5.6.1.jar;C:\Users\lbh\.m2\repository\com\alibaba\transmittable-thread-local\2.12.2\transmittable-thread-local-2.12.2.jar;C:\lbh\project\school\backend\yudao-module-infra\yudao-module-infra-api\target\yudao-module-infra-api-1.6.2-snapshot.jar;C:\lbh\project\school\backend\yudao-framework\yudao-spring-boot-starter-biz-operatelog\target\yudao-spring-boot-starter-biz-operatelog-1.6.2-snapshot.jar;C:\Users\lbh\.m2\repository\org\springframework\boot\spring-boot-starter-aop\2.5.12\spring-boot-starter-aop-2.5.12.jar;C:\Users\lbh\.m2\repository\org\springframework\spring-aop\5.3.18\spring-aop-5.3.18.jar;C:\Users\lbh\.m2\repository\org\springframework\spring-beans\5.3.18\spring-beans-5.3.18.jar;C:\Users\lbh\.m2\repository\org\aspectj\aspectjweaver\1.9.7\aspectjweaver-1.9.7.jar;C:\Users\lbh\.m2\repository\com\google\guava\guava\30.1.1-jre\guava-30.1.1-jre.jar;C:\Users\lbh\.m2\repository\com\google\guava\failureaccess\1.0.1\failureaccess-1.0.1.jar;C:\Users\lbh\.m2\repository\com\google\guava\listenablefuture\9999.0-empty-to-avoid-conflict-with-guava\listenablefuture-9999.0-empty-to-avoid-conflict-with-guava.jar;C:\Users\lbh\.m2\repository\com\google\code\findbugs\jsr305\3.0.2\jsr305-3.0.2.jar;C:\Users\lbh\.m2\repository\org\checkerframework\checker-qual\3.8.0\checker-qual-3.8.0.jar;C:\Users\lbh\.m2\repository\com\google\errorprone\error_prone_annotations\2.5.1\error_prone_annotations-2.5.1.jar;C:\Users\lbh\.m2\repository\com\google\j2objc\j2objc-annotations\1.3\j2objc-annotations-1.3.jar;C:\lbh\project\school\backend\yudao-framework\yudao-spring-boot-starter-security\target\yudao-spring-boot-starter-security-1.6.2-snapshot.jar;C:\lbh\project\school\backend\yudao-framework\yudao-spring-boot-starter-web\target\yudao-spring-boot-starter-web-1.6.2-snapshot.jar;C:\Users\lbh\.m2\repository\org\springframework\boot\spring-boot-starter-web\2.5.12\spring-boot-starter-web-2.5.12.jar;C:\Users\lbh\.m2\repository\org\springframework\boot\spring-boot-starter-json\2.5.12\spring-boot-starter-json-2.5.12.jar;C:\Users\lbh\.m2\repository\com\fasterxml\jackson\datatype\jackson-datatype-jdk8\2.12.6\jackson-datatype-jdk8-2.12.6.jar;C:\Users\lbh\.m2\repository\com\fasterxml\jackson\datatype\jackson-datatype-jsr310\2.12.6\jackson-datatype-jsr310-2.12.6.jar;C:\Users\lbh\.m2\repository\com\fasterxml\jackson\module\jackson-module-parameter-names\2.12.6\jackson-module-parameter-names-2.12.6.jar;C:\Users\lbh\.m2\repository\org\springframework\boot\spring-boot-starter-tomcat\2.5.12\spring-boot-starter-tomcat-2.5.12.jar;C:\Users\lbh\.m2\repository\org\apache\tomcat\embed\tomcat-embed-core\9.0.60\tomcat-embed-core-9.0.60.jar;C:\Users\lbh\.m2\repository\org\apache\tomcat\embed\tomcat-embed-websocket\9.0.60\tomcat-embed-websocket-9.0.60.jar;C:\Users\lbh\.m2\repository\org\springframework\spring-web\5.3.18\spring-web-5.3.18.jar;C:\Users\lbh\.m2\repository\org\springframework\spring-webmvc\5.3.18\spring-webmvc-5.3.18.jar;C:\Users\lbh\.m2\repository\com\github\xiaoymin\knife4j-spring-boot-starter\3.0.2\knife4j-spring-boot-starter-3.0.2.jar;C:\Users\lbh\.m2\repository\com\github\xiaoymin\knife4j-spring-boot-autoconfigure\3.0.2\knife4j-spring-boot-autoconfigure-3.0.2.jar;C:\Users\lbh\.m2\repository\com\github\xiaoymin\knife4j-spring\3.0.2\knife4j-spring-3.0.2.jar;C:\Users\lbh\.m2\repository\com\github\xiaoymin\knife4j-annotations\3.0.2\knife4j-annotations-3.0.2.jar;C:\Users\lbh\.m2\repository\io\swagger\core\v3\swagger-annotations\2.1.2\swagger-annotations-2.1.2.jar;C:\Users\lbh\.m2\repository\com\github\xiaoymin\knife4j-core\3.0.2\knife4j-core-3.0.2.jar;C:\Users\lbh\.m2\repository\org\javassist\javassist\3.25.0-GA\javassist-3.25.0-GA.jar;C:\Users\lbh\.m2\repository\io\springfox\springfox-swagger2\3.0.0\springfox-swagger2-3.0.0.jar;C:\Users\lbh\.m2\repository\io\springfox\springfox-spi\3.0.0\springfox-spi-3.0.0.jar;C:\Users\lbh\.m2\repository\io\springfox\springfox-schema\3.0.0\springfox-schema-3.0.0.jar;C:\Users\lbh\.m2\repository\io\springfox\springfox-swagger-common\3.0.0\springfox-swagger-common-3.0.0.jar;C:\Users\lbh\.m2\repository\io\springfox\springfox-spring-web\3.0.0\springfox-spring-web-3.0.0.jar;C:\Users\lbh\.m2\repository\io\github\classgraph\classgraph\4.8.83\classgraph-4.8.83.jar;C:\Users\lbh\.m2\repository\io\springfox\springfox-spring-webflux\3.0.0\springfox-spring-webflux-3.0.0.jar;C:\Users\lbh\.m2\repository\io\springfox\springfox-spring-webmvc\3.0.0\springfox-spring-webmvc-3.0.0.jar;C:\Users\lbh\.m2\repository\io\springfox\springfox-core\3.0.0\springfox-core-3.0.0.jar;C:\Users\lbh\.m2\repository\io\springfox\springfox-oas\3.0.0\springfox-oas-3.0.0.jar;C:\Users\lbh\.m2\repository\io\swagger\core\v3\swagger-models\2.1.2\swagger-models-2.1.2.jar;C:\Users\lbh\.m2\repository\io\springfox\springfox-bean-validators\3.0.0\springfox-bean-validators-3.0.0.jar;C:\Users\lbh\.m2\repository\io\swagger\swagger-models\1.5.22\swagger-models-1.5.22.jar;C:\Users\lbh\.m2\repository\io\swagger\swagger-core\1.5.22\swagger-core-1.5.22.jar;C:\Users\lbh\.m2\repository\io\springfox\springfox-boot-starter\3.0.0\springfox-boot-starter-3.0.0.jar;C:\Users\lbh\.m2\repository\io\springfox\springfox-data-rest\3.0.0\springfox-data-rest-3.0.0.jar;C:\Users\lbh\.m2\repository\org\springframework\plugin\spring-plugin-core\2.0.0.RELEASE\spring-plugin-core-2.0.0.RELEASE.jar;C:\Users\lbh\.m2\repository\org\springframework\plugin\spring-plugin-metadata\2.0.0.RELEASE\spring-plugin-metadata-2.0.0.RELEASE.jar;C:\Users\lbh\.m2\repository\com\github\xiaoymin\knife4j-spring-ui\3.0.2\knife4j-spring-ui-3.0.2.jar;C:\Users\lbh\.m2\repository\io\swagger\swagger-annotations\1.5.22\swagger-annotations-1.5.22.jar;C:\Users\lbh\.m2\repository\org\springframework\boot\spring-boot-starter-security\2.5.12\spring-boot-starter-security-2.5.12.jar;C:\Users\lbh\.m2\repository\org\springframework\security\spring-security-config\5.5.5\spring-security-config-5.5.5.jar;C:\Users\lbh\.m2\repository\org\springframework\security\spring-security-core\5.5.5\spring-security-core-5.5.5.jar;C:\Users\lbh\.m2\repository\org\springframework\security\spring-security-crypto\5.5.5\spring-security-crypto-5.5.5.jar;C:\Users\lbh\.m2\repository\org\springframework\spring-context\5.3.18\spring-context-5.3.18.jar;C:\Users\lbh\.m2\repository\org\springframework\security\spring-security-web\5.5.5\spring-security-web-5.5.5.jar;C:\Users\lbh\.m2\repository\org\springframework\spring-expression\5.3.18\spring-expression-5.3.18.jar;C:\lbh\project\school\backend\yudao-framework\yudao-spring-boot-starter-mybatis\target\yudao-spring-boot-starter-mybatis-1.6.2-snapshot.jar;C:\Users\lbh\.m2\repository\mysql\mysql-connector-java\5.1.46\mysql-connector-java-5.1.46.jar;C:\Users\lbh\.m2\repository\com\oracle\database\jdbc\ojdbc8\21.1.0.0\ojdbc8-21.1.0.0.jar;C:\Users\lbh\.m2\repository\org\postgresql\postgresql\42.2.25\postgresql-42.2.25.jar;C:\Users\lbh\.m2\repository\com\microsoft\sqlserver\mssql-jdbc\9.2.1.jre8\mssql-jdbc-9.2.1.jre8.jar;C:\Users\lbh\.m2\repository\com\alibaba\druid-spring-boot-starter\1.2.8\druid-spring-boot-starter-1.2.8.jar;C:\Users\lbh\.m2\repository\com\alibaba\druid\1.2.8\druid-1.2.8.jar;C:\Users\lbh\.m2\repository\org\springframework\boot\spring-boot-autoconfigure\2.5.12\spring-boot-autoconfigure-2.5.12.jar;C:\Users\lbh\.m2\repository\com\baomidou\mybatis-plus-boot-starter\3.4.3.4\mybatis-plus-boot-starter-3.4.3.4.jar;C:\Users\lbh\.m2\repository\com\baomidou\mybatis-plus\3.4.3.4\mybatis-plus-3.4.3.4.jar;C:\Users\lbh\.m2\repository\com\baomidou\mybatis-plus-extension\3.4.3.4\mybatis-plus-extension-3.4.3.4.jar;C:\Users\lbh\.m2\repository\com\baomidou\mybatis-plus-core\3.4.3.4\mybatis-plus-core-3.4.3.4.jar;C:\Users\lbh\.m2\repository\com\baomidou\mybatis-plus-annotation\3.4.3.4\mybatis-plus-annotation-3.4.3.4.jar;C:\Users\lbh\.m2\repository\com\github\jsqlparser\jsqlparser\4.2\jsqlparser-4.2.jar;C:\Users\lbh\.m2\repository\org\mybatis\mybatis\3.5.7\mybatis-3.5.7.jar;C:\Users\lbh\.m2\repository\org\mybatis\mybatis-spring\2.0.6\mybatis-spring-2.0.6.jar;C:\Users\lbh\.m2\repository\org\springframework\boot\spring-boot-starter-jdbc\2.5.12\spring-boot-starter-jdbc-2.5.12.jar;C:\Users\lbh\.m2\repository\com\zaxxer\HikariCP\4.0.3\HikariCP-4.0.3.jar;C:\Users\lbh\.m2\repository\org\springframework\spring-jdbc\5.3.18\spring-jdbc-5.3.18.jar;C:\Users\lbh\.m2\repository\com\baomidou\dynamic-datasource-spring-boot-starter\3.5.0\dynamic-datasource-spring-boot-starter-3.5.0.jar;C:\Users\lbh\.m2\repository\com\baomidou\mybatis-plus-generator\3.5.2\mybatis-plus-generator-3.5.2.jar;C:\lbh\project\school\backend\yudao-framework\yudao-spring-boot-starter-redis\target\yudao-spring-boot-starter-redis-1.6.2-snapshot.jar;C:\Users\lbh\.m2\repository\org\redisson\redisson-spring-boot-starter\3.17.0\redisson-spring-boot-starter-3.17.0.jar;C:\Users\lbh\.m2\repository\org\springframework\boot\spring-boot-starter-actuator\2.5.12\spring-boot-starter-actuator-2.5.12.jar;C:\Users\lbh\.m2\repository\org\springframework\boot\spring-boot-actuator-autoconfigure\2.5.12\spring-boot-actuator-autoconfigure-2.5.12.jar;C:\Users\lbh\.m2\repository\org\springframework\boot\spring-boot-actuator\2.5.12\spring-boot-actuator-2.5.12.jar;C:\Users\lbh\.m2\repository\io\micrometer\micrometer-core\1.7.10\micrometer-core-1.7.10.jar;C:\Users\lbh\.m2\repository\org\hdrhistogram\HdrHistogram\2.1.12\HdrHistogram-2.1.12.jar;C:\Users\lbh\.m2\repository\org\latencyutils\LatencyUtils\2.0.3\LatencyUtils-2.0.3.jar;C:\Users\lbh\.m2\repository\org\springframework\boot\spring-boot-starter-data-redis\2.5.12\spring-boot-starter-data-redis-2.5.12.jar;C:\Users\lbh\.m2\repository\org\springframework\data\spring-data-redis\2.5.10\spring-data-redis-2.5.10.jar;C:\Users\lbh\.m2\repository\org\springframework\data\spring-data-keyvalue\2.5.10\spring-data-keyvalue-2.5.10.jar;C:\Users\lbh\.m2\repository\org\springframework\data\spring-data-commons\2.5.10\spring-data-commons-2.5.10.jar;C:\Users\lbh\.m2\repository\org\springframework\spring-oxm\5.3.18\spring-oxm-5.3.18.jar;C:\Users\lbh\.m2\repository\org\redisson\redisson\3.17.0\redisson-3.17.0.jar;C:\Users\lbh\.m2\repository\io\netty\netty-common\4.1.75.Final\netty-common-4.1.75.Final.jar;C:\Users\lbh\.m2\repository\io\netty\netty-codec\4.1.75.Final\netty-codec-4.1.75.Final.jar;C:\Users\lbh\.m2\repository\io\netty\netty-buffer\4.1.75.Final\netty-buffer-4.1.75.Final.jar;C:\Users\lbh\.m2\repository\io\netty\netty-transport\4.1.75.Final\netty-transport-4.1.75.Final.jar;C:\Users\lbh\.m2\repository\io\netty\netty-resolver\4.1.75.Final\netty-resolver-4.1.75.Final.jar;C:\Users\lbh\.m2\repository\io\netty\netty-resolver-dns\4.1.75.Final\netty-resolver-dns-4.1.75.Final.jar;C:\Users\lbh\.m2\repository\io\netty\netty-codec-dns\4.1.75.Final\netty-codec-dns-4.1.75.Final.jar;C:\Users\lbh\.m2\repository\io\netty\netty-handler\4.1.75.Final\netty-handler-4.1.75.Final.jar;C:\Users\lbh\.m2\repository\javax\cache\cache-api\1.1.1\cache-api-1.1.1.jar;C:\Users\lbh\.m2\repository\io\projectreactor\reactor-core\3.4.16\reactor-core-3.4.16.jar;C:\Users\lbh\.m2\repository\org\reactivestreams\reactive-streams\1.0.3\reactive-streams-1.0.3.jar;C:\Users\lbh\.m2\repository\io\reactivex\rxjava3\rxjava\3.0.12\rxjava-3.0.12.jar;C:\Users\lbh\.m2\repository\org\jboss\marshalling\jboss-marshalling\2.0.11.Final\jboss-marshalling-2.0.11.Final.jar;C:\Users\lbh\.m2\repository\org\jboss\marshalling\jboss-marshalling-river\2.0.11.Final\jboss-marshalling-river-2.0.11.Final.jar;C:\Users\lbh\.m2\repository\com\fasterxml\jackson\dataformat\jackson-dataformat-yaml\2.12.6\jackson-dataformat-yaml-2.12.6.jar;C:\Users\lbh\.m2\repository\net\bytebuddy\byte-buddy\1.10.22\byte-buddy-1.10.22.jar;C:\Users\lbh\.m2\repository\org\jodd\jodd-bean\5.1.6\jodd-bean-5.1.6.jar;C:\Users\lbh\.m2\repository\org\jodd\jodd-core\5.1.6\jodd-core-5.1.6.jar;C:\Users\lbh\.m2\repository\org\redisson\redisson-spring-data-26\3.17.0\redisson-spring-data-26-3.17.0.jar;C:\Users\lbh\.m2\repository\org\springframework\boot\spring-boot-starter-cache\2.5.12\spring-boot-starter-cache-2.5.12.jar;C:\Users\lbh\.m2\repository\org\springframework\spring-context-support\5.3.18\spring-context-support-5.3.18.jar;C:\lbh\project\school\backend\yudao-framework\yudao-spring-boot-starter-config\target\yudao-spring-boot-starter-config-1.6.2-snapshot.jar;C:\Users\lbh\.m2\repository\org\springframework\boot\spring-boot-starter\2.5.12\spring-boot-starter-2.5.12.jar;C:\Users\lbh\.m2\repository\org\springframework\boot\spring-boot\2.5.12\spring-boot-2.5.12.jar;C:\Users\lbh\.m2\repository\org\springframework\boot\spring-boot-starter-logging\2.5.12\spring-boot-starter-logging-2.5.12.jar;C:\Users\lbh\.m2\repository\org\apache\logging\log4j\log4j-to-slf4j\2.17.2\log4j-to-slf4j-2.17.2.jar;C:\Users\lbh\.m2\repository\org\apache\logging\log4j\log4j-api\2.17.2\log4j-api-2.17.2.jar;C:\Users\lbh\.m2\repository\org\slf4j\jul-to-slf4j\1.7.36\jul-to-slf4j-1.7.36.jar;C:\Users\lbh\.m2\repository\jakarta\annotation\jakarta.annotation-api\1.3.5\jakarta.annotation-api-1.3.5.jar;C:\Users\lbh\.m2\repository\org\springframework\spring-core\5.3.18\spring-core-5.3.18.jar;C:\Users\lbh\.m2\repository\org\springframework\spring-jcl\5.3.18\spring-jcl-5.3.18.jar;C:\Users\lbh\.m2\repository\org\yaml\snakeyaml\1.28\snakeyaml-1.28.jar;C:\Users\lbh\.m2\repository\com\ctrip\framework\apollo\apollo-client\1.9.2\apollo-client-1.9.2.jar;C:\Users\lbh\.m2\repository\com\ctrip\framework\apollo\apollo-core\1.9.2\apollo-core-1.9.2.jar;C:\Users\lbh\.m2\repository\com\google\code\gson\gson\2.8.9\gson-2.8.9.jar;C:\Users\lbh\.m2\repository\com\google\inject\guice\5.1.0\guice-5.1.0.jar;C:\Users\lbh\.m2\repository\javax\inject\javax.inject\1\javax.inject-1.jar;C:\Users\lbh\.m2\repository\aopalliance\aopalliance\1.0\aopalliance-1.0.jar;C:\lbh\project\school\backend\yudao-framework\yudao-spring-boot-starter-job\target\yudao-spring-boot-starter-job-1.6.2-snapshot.jar;C:\Users\lbh\.m2\repository\org\springframework\boot\spring-boot-starter-quartz\2.5.12\spring-boot-starter-quartz-2.5.12.jar;C:\Users\lbh\.m2\repository\org\springframework\spring-tx\5.3.18\spring-tx-5.3.18.jar;C:\Users\lbh\.m2\repository\org\quartz-scheduler\quartz\2.3.2\quartz-2.3.2.jar;C:\Users\lbh\.m2\repository\com\mchange\mchange-commons-java\0.2.15\mchange-commons-java-0.2.15.jar;C:\Users\lbh\.m2\repository\jakarta\validation\jakarta.validation-api\2.0.2\jakarta.validation-api-2.0.2.jar;C:\lbh\project\school\backend\yudao-framework\yudao-spring-boot-starter-mq\target\yudao-spring-boot-starter-mq-1.6.2-snapshot.jar;C:\lbh\project\school\backend\yudao-framework\yudao-spring-boot-starter-test\target\yudao-spring-boot-starter-test-1.6.2-snapshot.jar;C:\Users\lbh\.m2\repository\org\mockito\mockito-inline\3.9.0\mockito-inline-3.9.0.jar;C:\Users\lbh\.m2\repository\org\mockito\mockito-core\3.9.0\mockito-core-3.9.0.jar;C:\Users\lbh\.m2\repository\net\bytebuddy\byte-buddy-agent\1.10.22\byte-buddy-agent-1.10.22.jar;C:\Users\lbh\.m2\repository\org\objenesis\objenesis\3.2\objenesis-3.2.jar;C:\Users\lbh\.m2\repository\org\springframework\boot\spring-boot-starter-test\2.5.12\spring-boot-starter-test-2.5.12.jar;C:\Users\lbh\.m2\repository\org\springframework\boot\spring-boot-test\2.5.12\spring-boot-test-2.5.12.jar;C:\Users\lbh\.m2\repository\org\springframework\boot\spring-boot-test-autoconfigure\2.5.12\spring-boot-test-autoconfigure-2.5.12.jar;C:\Users\lbh\.m2\repository\com\jayway\jsonpath\json-path\2.5.0\json-path-2.5.0.jar;C:\Users\lbh\.m2\repository\net\minidev\json-smart\2.4.8\json-smart-2.4.8.jar;C:\Users\lbh\.m2\repository\net\minidev\accessors-smart\2.4.8\accessors-smart-2.4.8.jar;C:\Users\lbh\.m2\repository\jakarta\xml\bind\jakarta.xml.bind-api\2.3.3\jakarta.xml.bind-api-2.3.3.jar;C:\Users\lbh\.m2\repository\jakarta\activation\jakarta.activation-api\1.2.2\jakarta.activation-api-1.2.2.jar;C:\Users\lbh\.m2\repository\org\assertj\assertj-core\3.19.0\assertj-core-3.19.0.jar;C:\Users\lbh\.m2\repository\org\hamcrest\hamcrest\2.2\hamcrest-2.2.jar;C:\Users\lbh\.m2\repository\org\junit\jupiter\junit-jupiter\5.7.2\junit-jupiter-5.7.2.jar;C:\Users\lbh\.m2\repository\org\junit\jupiter\junit-jupiter-api\5.7.2\junit-jupiter-api-5.7.2.jar;C:\Users\lbh\.m2\repository\org\apiguardian\apiguardian-api\1.1.0\apiguardian-api-1.1.0.jar;C:\Users\lbh\.m2\repository\org\opentest4j\opentest4j\1.2.0\opentest4j-1.2.0.jar;C:\Users\lbh\.m2\repository\org\junit\platform\junit-platform-commons\1.7.2\junit-platform-commons-1.7.2.jar;C:\Users\lbh\.m2\repository\org\junit\jupiter\junit-jupiter-params\5.7.2\junit-jupiter-params-5.7.2.jar;C:\Users\lbh\.m2\repository\org\junit\jupiter\junit-jupiter-engine\5.7.2\junit-jupiter-engine-5.7.2.jar;C:\Users\lbh\.m2\repository\org\junit\platform\junit-platform-engine\1.7.2\junit-platform-engine-1.7.2.jar;C:\Users\lbh\.m2\repository\org\mockito\mockito-junit-jupiter\3.9.0\mockito-junit-jupiter-3.9.0.jar;C:\Users\lbh\.m2\repository\org\skyscreamer\jsonassert\1.5.0\jsonassert-1.5.0.jar;C:\Users\lbh\.m2\repository\com\vaadin\external\google\android-json\0.0.20131108.vaadin1\android-json-0.0.20131108.vaadin1.jar;C:\Users\lbh\.m2\repository\org\springframework\spring-test\5.3.18\spring-test-5.3.18.jar;C:\Users\lbh\.m2\repository\org\xmlunit\xmlunit-core\2.8.4\xmlunit-core-2.8.4.jar;C:\Users\lbh\.m2\repository\com\h2database\h2\1.4.200\h2-1.4.200.jar;C:\Users\lbh\.m2\repository\com\github\fppt\jedis-mock\0.1.16\jedis-mock-0.1.16.jar;C:\Users\lbh\.m2\repository\com\google\auto\value\auto-value-annotations\1.6.2\auto-value-annotations-1.6.2.jar;C:\Users\lbh\.m2\repository\uk\co\jemos\podam\podam\7.2.6.RELEASE\podam-7.2.6.RELEASE.jar;C:\Users\lbh\.m2\repository\net\jcip\jcip-annotations\1.0\jcip-annotations-1.0.jar;C:\Users\lbh\.m2\repository\javax\annotation\javax.annotation-api\1.3.2\javax.annotation-api-1.3.2.jar;C:\Users\lbh\.m2\repository\javax\validation\validation-api\2.0.1.Final\validation-api-2.0.1.Final.jar;C:\Users\lbh\.m2\repository\com\github\ulisesbocchio\jasypt-spring-boot-starter\3.0.4\jasypt-spring-boot-starter-3.0.4.jar;C:\Users\lbh\.m2\repository\com\github\ulisesbocchio\jasypt-spring-boot\3.0.4\jasypt-spring-boot-3.0.4.jar;C:\Users\lbh\.m2\repository\org\jasypt\jasypt\1.9.3\jasypt-1.9.3.jar;C:\lbh\project\school\backend\yudao-framework\yudao-spring-boot-starter-excel\target\yudao-spring-boot-starter-excel-1.6.2-snapshot.jar;C:\Users\lbh\.m2\repository\com\alibaba\easyexcel\2.2.7\easyexcel-2.2.7.jar;C:\Users\lbh\.m2\repository\org\apache\poi\poi\3.17\poi-3.17.jar;C:\Users\lbh\.m2\repository\commons-codec\commons-codec\1.15\commons-codec-1.15.jar;C:\Users\lbh\.m2\repository\org\apache\commons\commons-collections4\4.1\commons-collections4-4.1.jar;C:\Users\lbh\.m2\repository\org\apache\poi\poi-ooxml\3.17\poi-ooxml-3.17.jar;C:\Users\lbh\.m2\repository\com\github\virtuald\curvesapi\1.04\curvesapi-1.04.jar;C:\Users\lbh\.m2\repository\org\apache\poi\poi-ooxml-schemas\3.17\poi-ooxml-schemas-3.17.jar;C:\Users\lbh\.m2\repository\org\apache\xmlbeans\xmlbeans\2.6.0\xmlbeans-2.6.0.jar;C:\Users\lbh\.m2\repository\stax\stax-api\1.0.1\stax-api-1.0.1.jar;C:\Users\lbh\.m2\repository\cglib\cglib\3.1\cglib-3.1.jar;C:\Users\lbh\.m2\repository\org\ow2\asm\asm\4.2\asm-4.2.jar;C:\Users\lbh\.m2\repository\org\ehcache\ehcache\3.9.9\ehcache-3.9.9.jar;C:\Users\lbh\.m2\repository\org\apache\velocity\velocity-engine-core\2.2\velocity-engine-core-2.2.jar;C:\Users\lbh\.m2\repository\org\apache\commons\commons-lang3\3.12.0\commons-lang3-3.12.0.jar;C:\Users\lbh\.m2\repository\org\slf4j\slf4j-api\1.7.36\slf4j-api-1.7.36.jar;C:\Users\lbh\.m2\repository\cn\smallbun\screw\screw-core\1.0.5\screw-core-1.0.5.jar;C:\Users\lbh\.m2\repository\commons-lang\commons-lang\2.6\commons-lang-2.6.jar;C:\Users\lbh\.m2\repository\commons-logging\commons-logging\1.2\commons-logging-1.2.jar;C:\Users\lbh\.m2\repository\ch\qos\logback\logback-classic\1.2.11\logback-classic-1.2.11.jar;C:\Users\lbh\.m2\repository\ch\qos\logback\logback-core\1.2.11\logback-core-1.2.11.jar;C:\Users\lbh\.m2\repository\com\alibaba\fastjson\1.2.73\fastjson-1.2.73.jar;C:\lbh\project\school\backend\yudao-framework\yudao-spring-boot-starter-monitor\target\yudao-spring-boot-starter-monitor-1.6.2-snapshot.jar;C:\Users\lbh\.m2\repository\io\opentracing\opentracing-util\0.31.0\opentracing-util-0.31.0.jar;C:\Users\lbh\.m2\repository\io\opentracing\opentracing-api\0.31.0\opentracing-api-0.31.0.jar;C:\Users\lbh\.m2\repository\io\opentracing\opentracing-noop\0.31.0\opentracing-noop-0.31.0.jar;C:\Users\lbh\.m2\repository\org\apache\skywalking\apm-toolkit-trace\8.7.0\apm-toolkit-trace-8.7.0.jar;C:\Users\lbh\.m2\repository\org\apache\skywalking\apm-toolkit-logback-1.x\8.7.0\apm-toolkit-logback-1.x-8.7.0.jar;C:\Users\lbh\.m2\repository\org\apache\skywalking\apm-toolkit-opentracing\8.7.0\apm-toolkit-opentracing-8.7.0.jar;C:\Users\lbh\.m2\repository\de\codecentric\spring-boot-admin-starter-client\2.6.2\spring-boot-admin-starter-client-2.6.2.jar;C:\Users\lbh\.m2\repository\de\codecentric\spring-boot-admin-client\2.6.2\spring-boot-admin-client-2.6.2.jar;C:\Users\lbh\.m2\repository\de\codecentric\spring-boot-admin-starter-server\2.6.2\spring-boot-admin-starter-server-2.6.2.jar;C:\Users\lbh\.m2\repository\de\codecentric\spring-boot-admin-server\2.6.2\spring-boot-admin-server-2.6.2.jar;C:\Users\lbh\.m2\repository\org\springframework\boot\spring-boot-starter-webflux\2.5.12\spring-boot-starter-webflux-2.5.12.jar;C:\Users\lbh\.m2\repository\org\springframework\boot\spring-boot-starter-reactor-netty\2.5.12\spring-boot-starter-reactor-netty-2.5.12.jar;C:\Users\lbh\.m2\repository\io\projectreactor\netty\reactor-netty-http\1.0.17\reactor-netty-http-1.0.17.jar;C:\Users\lbh\.m2\repository\io\netty\netty-codec-http\4.1.75.Final\netty-codec-http-4.1.75.Final.jar;C:\Users\lbh\.m2\repository\io\netty\netty-codec-http2\4.1.75.Final\netty-codec-http2-4.1.75.Final.jar;C:\Users\lbh\.m2\repository\io\netty\netty-resolver-dns-native-macos\4.1.75.Final\netty-resolver-dns-native-macos-4.1.75.Final-osx-x86_64.jar;C:\Users\lbh\.m2\repository\io\netty\netty-resolver-dns-classes-macos\4.1.75.Final\netty-resolver-dns-classes-macos-4.1.75.Final.jar;C:\Users\lbh\.m2\repository\io\netty\netty-transport-native-epoll\4.1.75.Final\netty-transport-native-epoll-4.1.75.Final-linux-x86_64.jar;C:\Users\lbh\.m2\repository\io\netty\netty-transport-native-unix-common\4.1.75.Final\netty-transport-native-unix-common-4.1.75.Final.jar;C:\Users\lbh\.m2\repository\io\netty\netty-transport-classes-epoll\4.1.75.Final\netty-transport-classes-epoll-4.1.75.Final.jar;C:\Users\lbh\.m2\repository\io\projectreactor\netty\reactor-netty-core\1.0.17\reactor-netty-core-1.0.17.jar;C:\Users\lbh\.m2\repository\io\netty\netty-handler-proxy\4.1.75.Final\netty-handler-proxy-4.1.75.Final.jar;C:\Users\lbh\.m2\repository\io\netty\netty-codec-socks\4.1.75.Final\netty-codec-socks-4.1.75.Final.jar;C:\Users\lbh\.m2\repository\org\springframework\spring-webflux\5.3.18\spring-webflux-5.3.18.jar;C:\Users\lbh\.m2\repository\org\springframework\boot\spring-boot-starter-thymeleaf\2.5.12\spring-boot-starter-thymeleaf-2.5.12.jar;C:\Users\lbh\.m2\repository\org\thymeleaf\thymeleaf-spring5\3.0.15.RELEASE\thymeleaf-spring5-3.0.15.RELEASE.jar;C:\Users\lbh\.m2\repository\org\thymeleaf\thymeleaf\3.0.15.RELEASE\thymeleaf-3.0.15.RELEASE.jar;C:\Users\lbh\.m2\repository\org\attoparser\attoparser\2.0.5.RELEASE\attoparser-2.0.5.RELEASE.jar;C:\Users\lbh\.m2\repository\org\unbescape\unbescape\1.1.6.RELEASE\unbescape-1.1.6.RELEASE.jar;C:\Users\lbh\.m2\repository\org\thymeleaf\extras\thymeleaf-extras-java8time\3.0.4.RELEASE\thymeleaf-extras-java8time-3.0.4.RELEASE.jar;C:\Users\lbh\.m2\repository\org\apache\httpcomponents\httpclient\4.5.13\httpclient-4.5.13.jar;C:\Users\lbh\.m2\repository\org\apache\httpcomponents\httpcore\4.4.15\httpcore-4.4.15.jar;C:\Users\lbh\.m2\repository\io\projectreactor\addons\reactor-extra\3.4.7\reactor-extra-3.4.7.jar;C:\Users\lbh\.m2\repository\de\codecentric\spring-boot-admin-server-ui\2.6.2\spring-boot-admin-server-ui-2.6.2.jar;C:\Users\lbh\.m2\repository\de\codecentric\spring-boot-admin-server-cloud\2.6.2\spring-boot-admin-server-cloud-2.6.2.jar;C:\lbh\project\school\backend\yudao-framework\yudao-spring-boot-starter-file\target\yudao-spring-boot-starter-file-1.6.2-snapshot.jar;C:\Users\lbh\.m2\repository\org\springframework\boot\spring-boot-starter-validation\2.5.12\spring-boot-starter-validation-2.5.12.jar;C:\Users\lbh\.m2\repository\org\apache\tomcat\embed\tomcat-embed-el\9.0.60\tomcat-embed-el-9.0.60.jar;C:\Users\lbh\.m2\repository\org\hibernate\validator\hibernate-validator\6.2.3.Final\hibernate-validator-6.2.3.Final.jar;C:\Users\lbh\.m2\repository\org\jboss\logging\jboss-logging\3.4.3.Final\jboss-logging-3.4.3.Final.jar;C:\Users\lbh\.m2\repository\com\fasterxml\classmate\1.5.1\classmate-1.5.1.jar;C:\Users\lbh\.m2\repository\com\fasterxml\jackson\core\jackson-databind\2.12.6.1\jackson-databind-2.12.6.1.jar;C:\Users\lbh\.m2\repository\com\fasterxml\jackson\core\jackson-annotations\2.12.6\jackson-annotations-2.12.6.jar;C:\Users\lbh\.m2\repository\com\fasterxml\jackson\core\jackson-core\2.12.6\jackson-core-2.12.6.jar;C:\Users\lbh\.m2\repository\commons-net\commons-net\3.8.0\commons-net-3.8.0.jar;C:\Users\lbh\.m2\repository\com\jcraft\jsch\0.1.55\jsch-0.1.55.jar;C:\Users\lbh\.m2\repository\io\minio\minio\8.2.2\minio-8.2.2.jar;C:\Users\lbh\.m2\repository\com\carrotsearch\thirdparty\simple-xml-safe\2.7.1\simple-xml-safe-2.7.1.jar;C:\Users\lbh\.m2\repository\com\squareup\okhttp3\okhttp\3.14.9\okhttp-3.14.9.jar;C:\Users\lbh\.m2\repository\com\squareup\okio\okio\1.17.2\okio-1.17.2.jar;"/>
    <property name="java.vm.vendor" value="Oracle Corporation"/>
    <property name="sun.arch.data.model" value="64"/>
    <property name="user.variant" value=""/>
    <property name="java.vendor.url" value="http://java.oracle.com/"/>
    <property name="user.timezone" value="Asia/Shanghai"/>
    <property name="java.vm.specification.version" value="1.8"/>
    <property name="os.name" value="Windows 11"/>
    <property name="user.country" value="CN"/>
    <property name="sun.java.launcher" value="SUN_STANDARD"/>
    <property name="sun.boot.library.path" value="C:\Program Files\Java\jdk1.8.0_331\jre\bin"/>
    <property name="sun.java.command" value="C:\Users\lbh\AppData\Local\Temp\surefire7399901491445935327\surefirebooter5113130781025655997.jar C:\Users\lbh\AppData\Local\Temp\surefire7399901491445935327 2022-07-29T07-47-37_695-jvmRun1 surefire3579443287781282397tmp surefire_72392563006327659959tmp"/>
    <property name="surefire.test.class.path" value="C:\lbh\project\school\backend\yudao-module-infra\yudao-module-infra-biz\target\test-classes;C:\lbh\project\school\backend\yudao-module-infra\yudao-module-infra-biz\target\classes;C:\lbh\project\school\backend\yudao-module-system\yudao-module-system-api\target\yudao-module-system-api-1.6.2-snapshot.jar;C:\lbh\project\school\backend\yudao-framework\yudao-common\target\yudao-common-1.6.2-snapshot.jar;C:\Users\lbh\.m2\repository\org\projectlombok\lombok\1.18.20\lombok-1.18.20.jar;C:\Users\lbh\.m2\repository\org\mapstruct\mapstruct\1.4.1.Final\mapstruct-1.4.1.Final.jar;C:\Users\lbh\.m2\repository\org\mapstruct\mapstruct-jdk8\1.4.1.Final\mapstruct-jdk8-1.4.1.Final.jar;C:\Users\lbh\.m2\repository\org\mapstruct\mapstruct-processor\1.4.1.Final\mapstruct-processor-1.4.1.Final.jar;C:\Users\lbh\.m2\repository\cn\hutool\hutool-all\5.6.1\hutool-all-5.6.1.jar;C:\Users\lbh\.m2\repository\com\alibaba\transmittable-thread-local\2.12.2\transmittable-thread-local-2.12.2.jar;C:\lbh\project\school\backend\yudao-module-infra\yudao-module-infra-api\target\yudao-module-infra-api-1.6.2-snapshot.jar;C:\lbh\project\school\backend\yudao-framework\yudao-spring-boot-starter-biz-operatelog\target\yudao-spring-boot-starter-biz-operatelog-1.6.2-snapshot.jar;C:\Users\lbh\.m2\repository\org\springframework\boot\spring-boot-starter-aop\2.5.12\spring-boot-starter-aop-2.5.12.jar;C:\Users\lbh\.m2\repository\org\springframework\spring-aop\5.3.18\spring-aop-5.3.18.jar;C:\Users\lbh\.m2\repository\org\springframework\spring-beans\5.3.18\spring-beans-5.3.18.jar;C:\Users\lbh\.m2\repository\org\aspectj\aspectjweaver\1.9.7\aspectjweaver-1.9.7.jar;C:\Users\lbh\.m2\repository\com\google\guava\guava\30.1.1-jre\guava-30.1.1-jre.jar;C:\Users\lbh\.m2\repository\com\google\guava\failureaccess\1.0.1\failureaccess-1.0.1.jar;C:\Users\lbh\.m2\repository\com\google\guava\listenablefuture\9999.0-empty-to-avoid-conflict-with-guava\listenablefuture-9999.0-empty-to-avoid-conflict-with-guava.jar;C:\Users\lbh\.m2\repository\com\google\code\findbugs\jsr305\3.0.2\jsr305-3.0.2.jar;C:\Users\lbh\.m2\repository\org\checkerframework\checker-qual\3.8.0\checker-qual-3.8.0.jar;C:\Users\lbh\.m2\repository\com\google\errorprone\error_prone_annotations\2.5.1\error_prone_annotations-2.5.1.jar;C:\Users\lbh\.m2\repository\com\google\j2objc\j2objc-annotations\1.3\j2objc-annotations-1.3.jar;C:\lbh\project\school\backend\yudao-framework\yudao-spring-boot-starter-security\target\yudao-spring-boot-starter-security-1.6.2-snapshot.jar;C:\lbh\project\school\backend\yudao-framework\yudao-spring-boot-starter-web\target\yudao-spring-boot-starter-web-1.6.2-snapshot.jar;C:\Users\lbh\.m2\repository\org\springframework\boot\spring-boot-starter-web\2.5.12\spring-boot-starter-web-2.5.12.jar;C:\Users\lbh\.m2\repository\org\springframework\boot\spring-boot-starter-json\2.5.12\spring-boot-starter-json-2.5.12.jar;C:\Users\lbh\.m2\repository\com\fasterxml\jackson\datatype\jackson-datatype-jdk8\2.12.6\jackson-datatype-jdk8-2.12.6.jar;C:\Users\lbh\.m2\repository\com\fasterxml\jackson\datatype\jackson-datatype-jsr310\2.12.6\jackson-datatype-jsr310-2.12.6.jar;C:\Users\lbh\.m2\repository\com\fasterxml\jackson\module\jackson-module-parameter-names\2.12.6\jackson-module-parameter-names-2.12.6.jar;C:\Users\lbh\.m2\repository\org\springframework\boot\spring-boot-starter-tomcat\2.5.12\spring-boot-starter-tomcat-2.5.12.jar;C:\Users\lbh\.m2\repository\org\apache\tomcat\embed\tomcat-embed-core\9.0.60\tomcat-embed-core-9.0.60.jar;C:\Users\lbh\.m2\repository\org\apache\tomcat\embed\tomcat-embed-websocket\9.0.60\tomcat-embed-websocket-9.0.60.jar;C:\Users\lbh\.m2\repository\org\springframework\spring-web\5.3.18\spring-web-5.3.18.jar;C:\Users\lbh\.m2\repository\org\springframework\spring-webmvc\5.3.18\spring-webmvc-5.3.18.jar;C:\Users\lbh\.m2\repository\com\github\xiaoymin\knife4j-spring-boot-starter\3.0.2\knife4j-spring-boot-starter-3.0.2.jar;C:\Users\lbh\.m2\repository\com\github\xiaoymin\knife4j-spring-boot-autoconfigure\3.0.2\knife4j-spring-boot-autoconfigure-3.0.2.jar;C:\Users\lbh\.m2\repository\com\github\xiaoymin\knife4j-spring\3.0.2\knife4j-spring-3.0.2.jar;C:\Users\lbh\.m2\repository\com\github\xiaoymin\knife4j-annotations\3.0.2\knife4j-annotations-3.0.2.jar;C:\Users\lbh\.m2\repository\io\swagger\core\v3\swagger-annotations\2.1.2\swagger-annotations-2.1.2.jar;C:\Users\lbh\.m2\repository\com\github\xiaoymin\knife4j-core\3.0.2\knife4j-core-3.0.2.jar;C:\Users\lbh\.m2\repository\org\javassist\javassist\3.25.0-GA\javassist-3.25.0-GA.jar;C:\Users\lbh\.m2\repository\io\springfox\springfox-swagger2\3.0.0\springfox-swagger2-3.0.0.jar;C:\Users\lbh\.m2\repository\io\springfox\springfox-spi\3.0.0\springfox-spi-3.0.0.jar;C:\Users\lbh\.m2\repository\io\springfox\springfox-schema\3.0.0\springfox-schema-3.0.0.jar;C:\Users\lbh\.m2\repository\io\springfox\springfox-swagger-common\3.0.0\springfox-swagger-common-3.0.0.jar;C:\Users\lbh\.m2\repository\io\springfox\springfox-spring-web\3.0.0\springfox-spring-web-3.0.0.jar;C:\Users\lbh\.m2\repository\io\github\classgraph\classgraph\4.8.83\classgraph-4.8.83.jar;C:\Users\lbh\.m2\repository\io\springfox\springfox-spring-webflux\3.0.0\springfox-spring-webflux-3.0.0.jar;C:\Users\lbh\.m2\repository\io\springfox\springfox-spring-webmvc\3.0.0\springfox-spring-webmvc-3.0.0.jar;C:\Users\lbh\.m2\repository\io\springfox\springfox-core\3.0.0\springfox-core-3.0.0.jar;C:\Users\lbh\.m2\repository\io\springfox\springfox-oas\3.0.0\springfox-oas-3.0.0.jar;C:\Users\lbh\.m2\repository\io\swagger\core\v3\swagger-models\2.1.2\swagger-models-2.1.2.jar;C:\Users\lbh\.m2\repository\io\springfox\springfox-bean-validators\3.0.0\springfox-bean-validators-3.0.0.jar;C:\Users\lbh\.m2\repository\io\swagger\swagger-models\1.5.22\swagger-models-1.5.22.jar;C:\Users\lbh\.m2\repository\io\swagger\swagger-core\1.5.22\swagger-core-1.5.22.jar;C:\Users\lbh\.m2\repository\io\springfox\springfox-boot-starter\3.0.0\springfox-boot-starter-3.0.0.jar;C:\Users\lbh\.m2\repository\io\springfox\springfox-data-rest\3.0.0\springfox-data-rest-3.0.0.jar;C:\Users\lbh\.m2\repository\org\springframework\plugin\spring-plugin-core\2.0.0.RELEASE\spring-plugin-core-2.0.0.RELEASE.jar;C:\Users\lbh\.m2\repository\org\springframework\plugin\spring-plugin-metadata\2.0.0.RELEASE\spring-plugin-metadata-2.0.0.RELEASE.jar;C:\Users\lbh\.m2\repository\com\github\xiaoymin\knife4j-spring-ui\3.0.2\knife4j-spring-ui-3.0.2.jar;C:\Users\lbh\.m2\repository\io\swagger\swagger-annotations\1.5.22\swagger-annotations-1.5.22.jar;C:\Users\lbh\.m2\repository\org\springframework\boot\spring-boot-starter-security\2.5.12\spring-boot-starter-security-2.5.12.jar;C:\Users\lbh\.m2\repository\org\springframework\security\spring-security-config\5.5.5\spring-security-config-5.5.5.jar;C:\Users\lbh\.m2\repository\org\springframework\security\spring-security-core\5.5.5\spring-security-core-5.5.5.jar;C:\Users\lbh\.m2\repository\org\springframework\security\spring-security-crypto\5.5.5\spring-security-crypto-5.5.5.jar;C:\Users\lbh\.m2\repository\org\springframework\spring-context\5.3.18\spring-context-5.3.18.jar;C:\Users\lbh\.m2\repository\org\springframework\security\spring-security-web\5.5.5\spring-security-web-5.5.5.jar;C:\Users\lbh\.m2\repository\org\springframework\spring-expression\5.3.18\spring-expression-5.3.18.jar;C:\lbh\project\school\backend\yudao-framework\yudao-spring-boot-starter-mybatis\target\yudao-spring-boot-starter-mybatis-1.6.2-snapshot.jar;C:\Users\lbh\.m2\repository\mysql\mysql-connector-java\5.1.46\mysql-connector-java-5.1.46.jar;C:\Users\lbh\.m2\repository\com\oracle\database\jdbc\ojdbc8\21.1.0.0\ojdbc8-21.1.0.0.jar;C:\Users\lbh\.m2\repository\org\postgresql\postgresql\42.2.25\postgresql-42.2.25.jar;C:\Users\lbh\.m2\repository\com\microsoft\sqlserver\mssql-jdbc\9.2.1.jre8\mssql-jdbc-9.2.1.jre8.jar;C:\Users\lbh\.m2\repository\com\alibaba\druid-spring-boot-starter\1.2.8\druid-spring-boot-starter-1.2.8.jar;C:\Users\lbh\.m2\repository\com\alibaba\druid\1.2.8\druid-1.2.8.jar;C:\Users\lbh\.m2\repository\org\springframework\boot\spring-boot-autoconfigure\2.5.12\spring-boot-autoconfigure-2.5.12.jar;C:\Users\lbh\.m2\repository\com\baomidou\mybatis-plus-boot-starter\3.4.3.4\mybatis-plus-boot-starter-3.4.3.4.jar;C:\Users\lbh\.m2\repository\com\baomidou\mybatis-plus\3.4.3.4\mybatis-plus-3.4.3.4.jar;C:\Users\lbh\.m2\repository\com\baomidou\mybatis-plus-extension\3.4.3.4\mybatis-plus-extension-3.4.3.4.jar;C:\Users\lbh\.m2\repository\com\baomidou\mybatis-plus-core\3.4.3.4\mybatis-plus-core-3.4.3.4.jar;C:\Users\lbh\.m2\repository\com\baomidou\mybatis-plus-annotation\3.4.3.4\mybatis-plus-annotation-3.4.3.4.jar;C:\Users\lbh\.m2\repository\com\github\jsqlparser\jsqlparser\4.2\jsqlparser-4.2.jar;C:\Users\lbh\.m2\repository\org\mybatis\mybatis\3.5.7\mybatis-3.5.7.jar;C:\Users\lbh\.m2\repository\org\mybatis\mybatis-spring\2.0.6\mybatis-spring-2.0.6.jar;C:\Users\lbh\.m2\repository\org\springframework\boot\spring-boot-starter-jdbc\2.5.12\spring-boot-starter-jdbc-2.5.12.jar;C:\Users\lbh\.m2\repository\com\zaxxer\HikariCP\4.0.3\HikariCP-4.0.3.jar;C:\Users\lbh\.m2\repository\org\springframework\spring-jdbc\5.3.18\spring-jdbc-5.3.18.jar;C:\Users\lbh\.m2\repository\com\baomidou\dynamic-datasource-spring-boot-starter\3.5.0\dynamic-datasource-spring-boot-starter-3.5.0.jar;C:\Users\lbh\.m2\repository\com\baomidou\mybatis-plus-generator\3.5.2\mybatis-plus-generator-3.5.2.jar;C:\lbh\project\school\backend\yudao-framework\yudao-spring-boot-starter-redis\target\yudao-spring-boot-starter-redis-1.6.2-snapshot.jar;C:\Users\lbh\.m2\repository\org\redisson\redisson-spring-boot-starter\3.17.0\redisson-spring-boot-starter-3.17.0.jar;C:\Users\lbh\.m2\repository\org\springframework\boot\spring-boot-starter-actuator\2.5.12\spring-boot-starter-actuator-2.5.12.jar;C:\Users\lbh\.m2\repository\org\springframework\boot\spring-boot-actuator-autoconfigure\2.5.12\spring-boot-actuator-autoconfigure-2.5.12.jar;C:\Users\lbh\.m2\repository\org\springframework\boot\spring-boot-actuator\2.5.12\spring-boot-actuator-2.5.12.jar;C:\Users\lbh\.m2\repository\io\micrometer\micrometer-core\1.7.10\micrometer-core-1.7.10.jar;C:\Users\lbh\.m2\repository\org\hdrhistogram\HdrHistogram\2.1.12\HdrHistogram-2.1.12.jar;C:\Users\lbh\.m2\repository\org\latencyutils\LatencyUtils\2.0.3\LatencyUtils-2.0.3.jar;C:\Users\lbh\.m2\repository\org\springframework\boot\spring-boot-starter-data-redis\2.5.12\spring-boot-starter-data-redis-2.5.12.jar;C:\Users\lbh\.m2\repository\org\springframework\data\spring-data-redis\2.5.10\spring-data-redis-2.5.10.jar;C:\Users\lbh\.m2\repository\org\springframework\data\spring-data-keyvalue\2.5.10\spring-data-keyvalue-2.5.10.jar;C:\Users\lbh\.m2\repository\org\springframework\data\spring-data-commons\2.5.10\spring-data-commons-2.5.10.jar;C:\Users\lbh\.m2\repository\org\springframework\spring-oxm\5.3.18\spring-oxm-5.3.18.jar;C:\Users\lbh\.m2\repository\org\redisson\redisson\3.17.0\redisson-3.17.0.jar;C:\Users\lbh\.m2\repository\io\netty\netty-common\4.1.75.Final\netty-common-4.1.75.Final.jar;C:\Users\lbh\.m2\repository\io\netty\netty-codec\4.1.75.Final\netty-codec-4.1.75.Final.jar;C:\Users\lbh\.m2\repository\io\netty\netty-buffer\4.1.75.Final\netty-buffer-4.1.75.Final.jar;C:\Users\lbh\.m2\repository\io\netty\netty-transport\4.1.75.Final\netty-transport-4.1.75.Final.jar;C:\Users\lbh\.m2\repository\io\netty\netty-resolver\4.1.75.Final\netty-resolver-4.1.75.Final.jar;C:\Users\lbh\.m2\repository\io\netty\netty-resolver-dns\4.1.75.Final\netty-resolver-dns-4.1.75.Final.jar;C:\Users\lbh\.m2\repository\io\netty\netty-codec-dns\4.1.75.Final\netty-codec-dns-4.1.75.Final.jar;C:\Users\lbh\.m2\repository\io\netty\netty-handler\4.1.75.Final\netty-handler-4.1.75.Final.jar;C:\Users\lbh\.m2\repository\javax\cache\cache-api\1.1.1\cache-api-1.1.1.jar;C:\Users\lbh\.m2\repository\io\projectreactor\reactor-core\3.4.16\reactor-core-3.4.16.jar;C:\Users\lbh\.m2\repository\org\reactivestreams\reactive-streams\1.0.3\reactive-streams-1.0.3.jar;C:\Users\lbh\.m2\repository\io\reactivex\rxjava3\rxjava\3.0.12\rxjava-3.0.12.jar;C:\Users\lbh\.m2\repository\org\jboss\marshalling\jboss-marshalling\2.0.11.Final\jboss-marshalling-2.0.11.Final.jar;C:\Users\lbh\.m2\repository\org\jboss\marshalling\jboss-marshalling-river\2.0.11.Final\jboss-marshalling-river-2.0.11.Final.jar;C:\Users\lbh\.m2\repository\com\fasterxml\jackson\dataformat\jackson-dataformat-yaml\2.12.6\jackson-dataformat-yaml-2.12.6.jar;C:\Users\lbh\.m2\repository\net\bytebuddy\byte-buddy\1.10.22\byte-buddy-1.10.22.jar;C:\Users\lbh\.m2\repository\org\jodd\jodd-bean\5.1.6\jodd-bean-5.1.6.jar;C:\Users\lbh\.m2\repository\org\jodd\jodd-core\5.1.6\jodd-core-5.1.6.jar;C:\Users\lbh\.m2\repository\org\redisson\redisson-spring-data-26\3.17.0\redisson-spring-data-26-3.17.0.jar;C:\Users\lbh\.m2\repository\org\springframework\boot\spring-boot-starter-cache\2.5.12\spring-boot-starter-cache-2.5.12.jar;C:\Users\lbh\.m2\repository\org\springframework\spring-context-support\5.3.18\spring-context-support-5.3.18.jar;C:\lbh\project\school\backend\yudao-framework\yudao-spring-boot-starter-config\target\yudao-spring-boot-starter-config-1.6.2-snapshot.jar;C:\Users\lbh\.m2\repository\org\springframework\boot\spring-boot-starter\2.5.12\spring-boot-starter-2.5.12.jar;C:\Users\lbh\.m2\repository\org\springframework\boot\spring-boot\2.5.12\spring-boot-2.5.12.jar;C:\Users\lbh\.m2\repository\org\springframework\boot\spring-boot-starter-logging\2.5.12\spring-boot-starter-logging-2.5.12.jar;C:\Users\lbh\.m2\repository\org\apache\logging\log4j\log4j-to-slf4j\2.17.2\log4j-to-slf4j-2.17.2.jar;C:\Users\lbh\.m2\repository\org\apache\logging\log4j\log4j-api\2.17.2\log4j-api-2.17.2.jar;C:\Users\lbh\.m2\repository\org\slf4j\jul-to-slf4j\1.7.36\jul-to-slf4j-1.7.36.jar;C:\Users\lbh\.m2\repository\jakarta\annotation\jakarta.annotation-api\1.3.5\jakarta.annotation-api-1.3.5.jar;C:\Users\lbh\.m2\repository\org\springframework\spring-core\5.3.18\spring-core-5.3.18.jar;C:\Users\lbh\.m2\repository\org\springframework\spring-jcl\5.3.18\spring-jcl-5.3.18.jar;C:\Users\lbh\.m2\repository\org\yaml\snakeyaml\1.28\snakeyaml-1.28.jar;C:\Users\lbh\.m2\repository\com\ctrip\framework\apollo\apollo-client\1.9.2\apollo-client-1.9.2.jar;C:\Users\lbh\.m2\repository\com\ctrip\framework\apollo\apollo-core\1.9.2\apollo-core-1.9.2.jar;C:\Users\lbh\.m2\repository\com\google\code\gson\gson\2.8.9\gson-2.8.9.jar;C:\Users\lbh\.m2\repository\com\google\inject\guice\5.1.0\guice-5.1.0.jar;C:\Users\lbh\.m2\repository\javax\inject\javax.inject\1\javax.inject-1.jar;C:\Users\lbh\.m2\repository\aopalliance\aopalliance\1.0\aopalliance-1.0.jar;C:\lbh\project\school\backend\yudao-framework\yudao-spring-boot-starter-job\target\yudao-spring-boot-starter-job-1.6.2-snapshot.jar;C:\Users\lbh\.m2\repository\org\springframework\boot\spring-boot-starter-quartz\2.5.12\spring-boot-starter-quartz-2.5.12.jar;C:\Users\lbh\.m2\repository\org\springframework\spring-tx\5.3.18\spring-tx-5.3.18.jar;C:\Users\lbh\.m2\repository\org\quartz-scheduler\quartz\2.3.2\quartz-2.3.2.jar;C:\Users\lbh\.m2\repository\com\mchange\mchange-commons-java\0.2.15\mchange-commons-java-0.2.15.jar;C:\Users\lbh\.m2\repository\jakarta\validation\jakarta.validation-api\2.0.2\jakarta.validation-api-2.0.2.jar;C:\lbh\project\school\backend\yudao-framework\yudao-spring-boot-starter-mq\target\yudao-spring-boot-starter-mq-1.6.2-snapshot.jar;C:\lbh\project\school\backend\yudao-framework\yudao-spring-boot-starter-test\target\yudao-spring-boot-starter-test-1.6.2-snapshot.jar;C:\Users\lbh\.m2\repository\org\mockito\mockito-inline\3.9.0\mockito-inline-3.9.0.jar;C:\Users\lbh\.m2\repository\org\mockito\mockito-core\3.9.0\mockito-core-3.9.0.jar;C:\Users\lbh\.m2\repository\net\bytebuddy\byte-buddy-agent\1.10.22\byte-buddy-agent-1.10.22.jar;C:\Users\lbh\.m2\repository\org\objenesis\objenesis\3.2\objenesis-3.2.jar;C:\Users\lbh\.m2\repository\org\springframework\boot\spring-boot-starter-test\2.5.12\spring-boot-starter-test-2.5.12.jar;C:\Users\lbh\.m2\repository\org\springframework\boot\spring-boot-test\2.5.12\spring-boot-test-2.5.12.jar;C:\Users\lbh\.m2\repository\org\springframework\boot\spring-boot-test-autoconfigure\2.5.12\spring-boot-test-autoconfigure-2.5.12.jar;C:\Users\lbh\.m2\repository\com\jayway\jsonpath\json-path\2.5.0\json-path-2.5.0.jar;C:\Users\lbh\.m2\repository\net\minidev\json-smart\2.4.8\json-smart-2.4.8.jar;C:\Users\lbh\.m2\repository\net\minidev\accessors-smart\2.4.8\accessors-smart-2.4.8.jar;C:\Users\lbh\.m2\repository\jakarta\xml\bind\jakarta.xml.bind-api\2.3.3\jakarta.xml.bind-api-2.3.3.jar;C:\Users\lbh\.m2\repository\jakarta\activation\jakarta.activation-api\1.2.2\jakarta.activation-api-1.2.2.jar;C:\Users\lbh\.m2\repository\org\assertj\assertj-core\3.19.0\assertj-core-3.19.0.jar;C:\Users\lbh\.m2\repository\org\hamcrest\hamcrest\2.2\hamcrest-2.2.jar;C:\Users\lbh\.m2\repository\org\junit\jupiter\junit-jupiter\5.7.2\junit-jupiter-5.7.2.jar;C:\Users\lbh\.m2\repository\org\junit\jupiter\junit-jupiter-api\5.7.2\junit-jupiter-api-5.7.2.jar;C:\Users\lbh\.m2\repository\org\apiguardian\apiguardian-api\1.1.0\apiguardian-api-1.1.0.jar;C:\Users\lbh\.m2\repository\org\opentest4j\opentest4j\1.2.0\opentest4j-1.2.0.jar;C:\Users\lbh\.m2\repository\org\junit\platform\junit-platform-commons\1.7.2\junit-platform-commons-1.7.2.jar;C:\Users\lbh\.m2\repository\org\junit\jupiter\junit-jupiter-params\5.7.2\junit-jupiter-params-5.7.2.jar;C:\Users\lbh\.m2\repository\org\junit\jupiter\junit-jupiter-engine\5.7.2\junit-jupiter-engine-5.7.2.jar;C:\Users\lbh\.m2\repository\org\junit\platform\junit-platform-engine\1.7.2\junit-platform-engine-1.7.2.jar;C:\Users\lbh\.m2\repository\org\mockito\mockito-junit-jupiter\3.9.0\mockito-junit-jupiter-3.9.0.jar;C:\Users\lbh\.m2\repository\org\skyscreamer\jsonassert\1.5.0\jsonassert-1.5.0.jar;C:\Users\lbh\.m2\repository\com\vaadin\external\google\android-json\0.0.20131108.vaadin1\android-json-0.0.20131108.vaadin1.jar;C:\Users\lbh\.m2\repository\org\springframework\spring-test\5.3.18\spring-test-5.3.18.jar;C:\Users\lbh\.m2\repository\org\xmlunit\xmlunit-core\2.8.4\xmlunit-core-2.8.4.jar;C:\Users\lbh\.m2\repository\com\h2database\h2\1.4.200\h2-1.4.200.jar;C:\Users\lbh\.m2\repository\com\github\fppt\jedis-mock\0.1.16\jedis-mock-0.1.16.jar;C:\Users\lbh\.m2\repository\com\google\auto\value\auto-value-annotations\1.6.2\auto-value-annotations-1.6.2.jar;C:\Users\lbh\.m2\repository\uk\co\jemos\podam\podam\7.2.6.RELEASE\podam-7.2.6.RELEASE.jar;C:\Users\lbh\.m2\repository\net\jcip\jcip-annotations\1.0\jcip-annotations-1.0.jar;C:\Users\lbh\.m2\repository\javax\annotation\javax.annotation-api\1.3.2\javax.annotation-api-1.3.2.jar;C:\Users\lbh\.m2\repository\javax\validation\validation-api\2.0.1.Final\validation-api-2.0.1.Final.jar;C:\Users\lbh\.m2\repository\com\github\ulisesbocchio\jasypt-spring-boot-starter\3.0.4\jasypt-spring-boot-starter-3.0.4.jar;C:\Users\lbh\.m2\repository\com\github\ulisesbocchio\jasypt-spring-boot\3.0.4\jasypt-spring-boot-3.0.4.jar;C:\Users\lbh\.m2\repository\org\jasypt\jasypt\1.9.3\jasypt-1.9.3.jar;C:\lbh\project\school\backend\yudao-framework\yudao-spring-boot-starter-excel\target\yudao-spring-boot-starter-excel-1.6.2-snapshot.jar;C:\Users\lbh\.m2\repository\com\alibaba\easyexcel\2.2.7\easyexcel-2.2.7.jar;C:\Users\lbh\.m2\repository\org\apache\poi\poi\3.17\poi-3.17.jar;C:\Users\lbh\.m2\repository\commons-codec\commons-codec\1.15\commons-codec-1.15.jar;C:\Users\lbh\.m2\repository\org\apache\commons\commons-collections4\4.1\commons-collections4-4.1.jar;C:\Users\lbh\.m2\repository\org\apache\poi\poi-ooxml\3.17\poi-ooxml-3.17.jar;C:\Users\lbh\.m2\repository\com\github\virtuald\curvesapi\1.04\curvesapi-1.04.jar;C:\Users\lbh\.m2\repository\org\apache\poi\poi-ooxml-schemas\3.17\poi-ooxml-schemas-3.17.jar;C:\Users\lbh\.m2\repository\org\apache\xmlbeans\xmlbeans\2.6.0\xmlbeans-2.6.0.jar;C:\Users\lbh\.m2\repository\stax\stax-api\1.0.1\stax-api-1.0.1.jar;C:\Users\lbh\.m2\repository\cglib\cglib\3.1\cglib-3.1.jar;C:\Users\lbh\.m2\repository\org\ow2\asm\asm\4.2\asm-4.2.jar;C:\Users\lbh\.m2\repository\org\ehcache\ehcache\3.9.9\ehcache-3.9.9.jar;C:\Users\lbh\.m2\repository\org\apache\velocity\velocity-engine-core\2.2\velocity-engine-core-2.2.jar;C:\Users\lbh\.m2\repository\org\apache\commons\commons-lang3\3.12.0\commons-lang3-3.12.0.jar;C:\Users\lbh\.m2\repository\org\slf4j\slf4j-api\1.7.36\slf4j-api-1.7.36.jar;C:\Users\lbh\.m2\repository\cn\smallbun\screw\screw-core\1.0.5\screw-core-1.0.5.jar;C:\Users\lbh\.m2\repository\commons-lang\commons-lang\2.6\commons-lang-2.6.jar;C:\Users\lbh\.m2\repository\commons-logging\commons-logging\1.2\commons-logging-1.2.jar;C:\Users\lbh\.m2\repository\ch\qos\logback\logback-classic\1.2.11\logback-classic-1.2.11.jar;C:\Users\lbh\.m2\repository\ch\qos\logback\logback-core\1.2.11\logback-core-1.2.11.jar;C:\Users\lbh\.m2\repository\com\alibaba\fastjson\1.2.73\fastjson-1.2.73.jar;C:\lbh\project\school\backend\yudao-framework\yudao-spring-boot-starter-monitor\target\yudao-spring-boot-starter-monitor-1.6.2-snapshot.jar;C:\Users\lbh\.m2\repository\io\opentracing\opentracing-util\0.31.0\opentracing-util-0.31.0.jar;C:\Users\lbh\.m2\repository\io\opentracing\opentracing-api\0.31.0\opentracing-api-0.31.0.jar;C:\Users\lbh\.m2\repository\io\opentracing\opentracing-noop\0.31.0\opentracing-noop-0.31.0.jar;C:\Users\lbh\.m2\repository\org\apache\skywalking\apm-toolkit-trace\8.7.0\apm-toolkit-trace-8.7.0.jar;C:\Users\lbh\.m2\repository\org\apache\skywalking\apm-toolkit-logback-1.x\8.7.0\apm-toolkit-logback-1.x-8.7.0.jar;C:\Users\lbh\.m2\repository\org\apache\skywalking\apm-toolkit-opentracing\8.7.0\apm-toolkit-opentracing-8.7.0.jar;C:\Users\lbh\.m2\repository\de\codecentric\spring-boot-admin-starter-client\2.6.2\spring-boot-admin-starter-client-2.6.2.jar;C:\Users\lbh\.m2\repository\de\codecentric\spring-boot-admin-client\2.6.2\spring-boot-admin-client-2.6.2.jar;C:\Users\lbh\.m2\repository\de\codecentric\spring-boot-admin-starter-server\2.6.2\spring-boot-admin-starter-server-2.6.2.jar;C:\Users\lbh\.m2\repository\de\codecentric\spring-boot-admin-server\2.6.2\spring-boot-admin-server-2.6.2.jar;C:\Users\lbh\.m2\repository\org\springframework\boot\spring-boot-starter-webflux\2.5.12\spring-boot-starter-webflux-2.5.12.jar;C:\Users\lbh\.m2\repository\org\springframework\boot\spring-boot-starter-reactor-netty\2.5.12\spring-boot-starter-reactor-netty-2.5.12.jar;C:\Users\lbh\.m2\repository\io\projectreactor\netty\reactor-netty-http\1.0.17\reactor-netty-http-1.0.17.jar;C:\Users\lbh\.m2\repository\io\netty\netty-codec-http\4.1.75.Final\netty-codec-http-4.1.75.Final.jar;C:\Users\lbh\.m2\repository\io\netty\netty-codec-http2\4.1.75.Final\netty-codec-http2-4.1.75.Final.jar;C:\Users\lbh\.m2\repository\io\netty\netty-resolver-dns-native-macos\4.1.75.Final\netty-resolver-dns-native-macos-4.1.75.Final-osx-x86_64.jar;C:\Users\lbh\.m2\repository\io\netty\netty-resolver-dns-classes-macos\4.1.75.Final\netty-resolver-dns-classes-macos-4.1.75.Final.jar;C:\Users\lbh\.m2\repository\io\netty\netty-transport-native-epoll\4.1.75.Final\netty-transport-native-epoll-4.1.75.Final-linux-x86_64.jar;C:\Users\lbh\.m2\repository\io\netty\netty-transport-native-unix-common\4.1.75.Final\netty-transport-native-unix-common-4.1.75.Final.jar;C:\Users\lbh\.m2\repository\io\netty\netty-transport-classes-epoll\4.1.75.Final\netty-transport-classes-epoll-4.1.75.Final.jar;C:\Users\lbh\.m2\repository\io\projectreactor\netty\reactor-netty-core\1.0.17\reactor-netty-core-1.0.17.jar;C:\Users\lbh\.m2\repository\io\netty\netty-handler-proxy\4.1.75.Final\netty-handler-proxy-4.1.75.Final.jar;C:\Users\lbh\.m2\repository\io\netty\netty-codec-socks\4.1.75.Final\netty-codec-socks-4.1.75.Final.jar;C:\Users\lbh\.m2\repository\org\springframework\spring-webflux\5.3.18\spring-webflux-5.3.18.jar;C:\Users\lbh\.m2\repository\org\springframework\boot\spring-boot-starter-thymeleaf\2.5.12\spring-boot-starter-thymeleaf-2.5.12.jar;C:\Users\lbh\.m2\repository\org\thymeleaf\thymeleaf-spring5\3.0.15.RELEASE\thymeleaf-spring5-3.0.15.RELEASE.jar;C:\Users\lbh\.m2\repository\org\thymeleaf\thymeleaf\3.0.15.RELEASE\thymeleaf-3.0.15.RELEASE.jar;C:\Users\lbh\.m2\repository\org\attoparser\attoparser\2.0.5.RELEASE\attoparser-2.0.5.RELEASE.jar;C:\Users\lbh\.m2\repository\org\unbescape\unbescape\1.1.6.RELEASE\unbescape-1.1.6.RELEASE.jar;C:\Users\lbh\.m2\repository\org\thymeleaf\extras\thymeleaf-extras-java8time\3.0.4.RELEASE\thymeleaf-extras-java8time-3.0.4.RELEASE.jar;C:\Users\lbh\.m2\repository\org\apache\httpcomponents\httpclient\4.5.13\httpclient-4.5.13.jar;C:\Users\lbh\.m2\repository\org\apache\httpcomponents\httpcore\4.4.15\httpcore-4.4.15.jar;C:\Users\lbh\.m2\repository\io\projectreactor\addons\reactor-extra\3.4.7\reactor-extra-3.4.7.jar;C:\Users\lbh\.m2\repository\de\codecentric\spring-boot-admin-server-ui\2.6.2\spring-boot-admin-server-ui-2.6.2.jar;C:\Users\lbh\.m2\repository\de\codecentric\spring-boot-admin-server-cloud\2.6.2\spring-boot-admin-server-cloud-2.6.2.jar;C:\lbh\project\school\backend\yudao-framework\yudao-spring-boot-starter-file\target\yudao-spring-boot-starter-file-1.6.2-snapshot.jar;C:\Users\lbh\.m2\repository\org\springframework\boot\spring-boot-starter-validation\2.5.12\spring-boot-starter-validation-2.5.12.jar;C:\Users\lbh\.m2\repository\org\apache\tomcat\embed\tomcat-embed-el\9.0.60\tomcat-embed-el-9.0.60.jar;C:\Users\lbh\.m2\repository\org\hibernate\validator\hibernate-validator\6.2.3.Final\hibernate-validator-6.2.3.Final.jar;C:\Users\lbh\.m2\repository\org\jboss\logging\jboss-logging\3.4.3.Final\jboss-logging-3.4.3.Final.jar;C:\Users\lbh\.m2\repository\com\fasterxml\classmate\1.5.1\classmate-1.5.1.jar;C:\Users\lbh\.m2\repository\com\fasterxml\jackson\core\jackson-databind\2.12.6.1\jackson-databind-2.12.6.1.jar;C:\Users\lbh\.m2\repository\com\fasterxml\jackson\core\jackson-annotations\2.12.6\jackson-annotations-2.12.6.jar;C:\Users\lbh\.m2\repository\com\fasterxml\jackson\core\jackson-core\2.12.6\jackson-core-2.12.6.jar;C:\Users\lbh\.m2\repository\commons-net\commons-net\3.8.0\commons-net-3.8.0.jar;C:\Users\lbh\.m2\repository\com\jcraft\jsch\0.1.55\jsch-0.1.55.jar;C:\Users\lbh\.m2\repository\io\minio\minio\8.2.2\minio-8.2.2.jar;C:\Users\lbh\.m2\repository\com\carrotsearch\thirdparty\simple-xml-safe\2.7.1\simple-xml-safe-2.7.1.jar;C:\Users\lbh\.m2\repository\com\squareup\okhttp3\okhttp\3.14.9\okhttp-3.14.9.jar;C:\Users\lbh\.m2\repository\com\squareup\okio\okio\1.17.2\okio-1.17.2.jar;"/>
    <property name="sun.cpu.endian" value="little"/>
    <property name="user.home" value="C:\Users\lbh"/>
    <property name="user.language" value="zh"/>
    <property name="java.specification.vendor" value="Oracle Corporation"/>
    <property name="java.home" value="C:\Program Files\Java\jdk1.8.0_331\jre"/>
    <property name="basedir" value="C:\lbh\project\school\backend\yudao-module-infra\yudao-module-infra-biz"/>
    <property name="file.separator" value="\"/>
    <property name="line.separator" value="&#10;"/>
    <property name="java.vm.specification.vendor" value="Oracle Corporation"/>
    <property name="java.specification.name" value="Java Platform API Specification"/>
    <property name="FILE_LOG_CHARSET" value="GBK"/>
    <property name="java.awt.graphicsenv" value="sun.awt.Win32GraphicsEnvironment"/>
    <property name="java.awt.headless" value="true"/>
    <property name="surefire.real.class.path" value="C:\Users\lbh\AppData\Local\Temp\surefire7399901491445935327\surefirebooter5113130781025655997.jar"/>
    <property name="sun.boot.class.path" value="C:\Program Files\Java\jdk1.8.0_331\jre\lib\resources.jar;C:\Program Files\Java\jdk1.8.0_331\jre\lib\rt.jar;C:\Program Files\Java\jdk1.8.0_331\jre\lib\sunrsasign.jar;C:\Program Files\Java\jdk1.8.0_331\jre\lib\jsse.jar;C:\Program Files\Java\jdk1.8.0_331\jre\lib\jce.jar;C:\Program Files\Java\jdk1.8.0_331\jre\lib\charsets.jar;C:\Program Files\Java\jdk1.8.0_331\jre\lib\jfr.jar;C:\Program Files\Java\jdk1.8.0_331\jre\classes"/>
    <property name="user.script" value=""/>
    <property name="sun.management.compiler" value="HotSpot 64-Bit Tiered Compilers"/>
    <property name="java.runtime.version" value="1.8.0_331-b09"/>
    <property name="user.name" value="lbh"/>
    <property name="path.separator" value=";"/>
    <property name="os.version" value="10.0"/>
    <property name="java.endorsed.dirs" value="C:\Program Files\Java\jdk1.8.0_331\jre\lib\endorsed"/>
    <property name="java.runtime.name" value="Java(TM) SE Runtime Environment"/>
    <property name="file.encoding" value="GBK"/>
    <property name="spring.beaninfo.ignore" value="true"/>
    <property name="java.vm.name" value="Java HotSpot(TM) 64-Bit Server VM"/>
    <property name="localRepository" value="C:\Users\lbh\.m2\repository"/>
    <property name="java.vendor.url.bug" value="http://bugreport.sun.com/bugreport/"/>
    <property name="java.io.tmpdir" value="C:\Users\lbh\AppData\Local\Temp\"/>
    <property name="java.version" value="1.8.0_331"/>
    <property name="user.dir" value="C:\lbh\project\school\backend\yudao-module-infra\yudao-module-infra-biz"/>
    <property name="os.arch" value="amd64"/>
    <property name="java.vm.specification.name" value="Java Virtual Machine Specification"/>
    <property name="PID" value="11820"/>
    <property name="java.awt.printerjob" value="sun.awt.windows.WPrinterJob"/>
    <property name="sun.os.patch.level" value=""/>
    <property name="CONSOLE_LOG_CHARSET" value="GBK"/>
    <property name="java.library.path" value="C:\Program Files\Java\jdk1.8.0_331\jre\bin;C:\Windows\Sun\Java\bin;C:\Windows\system32;C:\Windows;C:/Program Files/Java/jdk1.8.0_331/jre/bin/server;C:/Program Files/Java/jdk1.8.0_331/jre/bin;C:/Program Files/Java/jdk1.8.0_331/jre/lib/amd64;C:\Users\lbh\AppData\Roaming\npm\node_modules\yarn\bin;C:\Program Files (x86)\Common Files\Oracle\Java\javapath;C:\Windows\system32;C:\Windows;C:\Windows\System32\Wbem;C:\Windows\System32\WindowsPowerShell\v1.0\;C:\Windows\System32\OpenSSH\;C:\Program Files\dotnet\;C:\Program Files\Java\jdk1.8.0_331\bin;C:\Program Files\Java\jdk1.8.0_331\jre\bin;C:\Program Files (x86)\NetSarang\Xshell 7\;C:\Program Files (x86)\Tencent\微信web开发者工具\dll;C:\Program Files (x86)\NetSarang\Xftp 7\;C:\Program Files\nodejs\;C:\Program Files\TortoiseSVN\bin;C:\lbh\software\apache-maven-3.8.6-bin\apache-maven-3.8.6\bin;;C:\Program Files\Docker\Docker\resources\bin;C:\ProgramData\DockerDesktop\version-bin;C:\Users\lbh\AppData\Local\Microsoft\WindowsApps;C:\lbh\software\mysql-5.7.29-winx64\bin;C:\Users\lbh\AppData\Roaming\npm;C:\lbh\software\eclipse;;."/>
    <property name="java.vm.info" value="mixed mode"/>
    <property name="java.vendor" value="Oracle Corporation"/>
    <property name="java.vm.version" value="25.331-b09"/>
    <property name="java.ext.dirs" value="C:\Program Files\Java\jdk1.8.0_331\jre\lib\ext;C:\Windows\Sun\Java\lib\ext"/>
    <property name="sun.io.unicode.encoding" value="UnicodeLittle"/>
    <property name="java.class.version" value="52.0"/>
  </properties>
  <testcase name="testUpdateFileConfig_success" classname="cn.iocoder.yudao.module.infra.service.file.FileConfigServiceImplTest" time="0.14">
    <system-out><![CDATA[ _ _   |_  _ _|_. ___ _ |    _ 
| | |\/|_)(_| | |_\  |_)||_|_\ 
     /               |         
                        3.4.3.4 
]]></system-out>
  </testcase>
  <testcase name="testGetFileConfigPage" classname="cn.iocoder.yudao.module.infra.service.file.FileConfigServiceImplTest" time="0.021"/>
  <testcase name="testUpdateFileConfigMaster_notExists" classname="cn.iocoder.yudao.module.infra.service.file.FileConfigServiceImplTest" time="0.008"/>
  <testcase name="testUpdateFileConfigMaster_success" classname="cn.iocoder.yudao.module.infra.service.file.FileConfigServiceImplTest" time="0.014"/>
  <testcase name="testCreateFileConfig_success" classname="cn.iocoder.yudao.module.infra.service.file.FileConfigServiceImplTest" time="0.007"/>
  <testcase name="testDeleteFileConfig_success" classname="cn.iocoder.yudao.module.infra.service.file.FileConfigServiceImplTest" time="0.007"/>
  <testcase name="testUpdateFileConfig_notExists" classname="cn.iocoder.yudao.module.infra.service.file.FileConfigServiceImplTest" time="0.004"/>
  <testcase name="testFileConfig" classname="cn.iocoder.yudao.module.infra.service.file.FileConfigServiceImplTest" time="0.056"/>
  <testcase name="testDeleteFileConfig_master" classname="cn.iocoder.yudao.module.infra.service.file.FileConfigServiceImplTest" time="0.008"/>
  <testcase name="testInitLocalCache" classname="cn.iocoder.yudao.module.infra.service.file.FileConfigServiceImplTest" time="0.011"/>
  <testcase name="testDeleteFileConfig_notExists" classname="cn.iocoder.yudao.module.infra.service.file.FileConfigServiceImplTest" time="0.004"/>
</testsuite>